Log file open, 02/11/22 20:57:45
LogWindows: Failed to load 'aqProf.dll' (GetLastError=126)
LogWindows: File 'aqProf.dll' does not exist
LogWindows: Failed to load 'VtuneApi.dll' (GetLastError=126)
LogWindows: File 'VtuneApi.dll' does not exist
LogWindows: Failed to load 'VtuneApi32e.dll' (GetLastError=126)
LogWindows: File 'VtuneApi32e.dll' does not exist
LogConsoleResponse: Display: Failed to find resolution value strings in scalability ini. Falling back to default.
LogConsoleResponse: Display: Failed to find resolution value strings in scalability ini. Falling back to default.
LogInit: Display: Running engine for game: Barrel_Hopper
LogPlatformFile: Not using cached read wrapper
LogTaskGraph: Started task graph with 5 named threads and 23 total threads with 3 sets of task threads.
LogStats: Stats thread started at 0.242879
LogICUInternationalization: ICU TimeZone Detection - Raw Offset: +9:00, Platform Override: ''
LogInit: Display: Loading text-based GConfig....
LogPluginManager: Mounting plugin MeshPainting
LogPluginManager: Mounting plugin XGEController
LogPluginManager: Mounting plugin Paper2D
LogPluginManager: Mounting plugin LiveLink
LogPluginManager: Mounting plugin AISupport
LogPluginManager: Mounting plugin EnvironmentQueryEditor
LogPluginManager: Mounting plugin CameraShakePreviewer
LogPluginManager: Mounting plugin LightPropagationVolume
LogPluginManager: Mounting plugin GameplayCameras
LogPluginManager: Mounting plugin AnimationSharing
LogPluginManager: Mounting plugin CLionSourceCodeAccess
LogPluginManager: Mounting plugin CodeLiteSourceCodeAccess
LogPluginManager: Mounting plugin GitSourceControl
LogPluginManager: Mounting plugin KDevelopSourceCodeAccess
LogPluginManager: Mounting plugin NullSourceCodeAccess
LogPluginManager: Mounting plugin PerforceSourceControl
LogPluginManager: Mounting plugin PixWinPlugin
LogPluginManager: Mounting plugin PlasticSourceControl
LogPluginManager: Mounting plugin PluginUtils
LogPluginManager: Mounting plugin OodleData
LogPluginManager: Mounting plugin PropertyAccessNode
LogPluginManager: Mounting plugin RiderSourceCodeAccess
LogPluginManager: Mounting plugin SubversionSourceControl
LogPluginManager: Mounting plugin TextureFormatOodle
LogPluginManager: Mounting plugin UObjectPlugin
LogPluginManager: Mounting plugin AssetManagerEditor
LogPluginManager: Mounting plugin OodleNetwork
LogPluginManager: Mounting plugin CurveEditorTools
LogPluginManager: Mounting plugin DataValidation
LogPluginManager: Mounting plugin CryptoKeys
LogPluginManager: Mounting plugin FacialAnimation
LogPluginManager: Mounting plugin VisualStudioCodeSourceCodeAccess
LogPluginManager: Mounting plugin GameplayTagsEditor
LogPluginManager: Mounting plugin VisualStudioSourceCodeAccess
LogPluginManager: Mounting plugin XCodeSourceCodeAccess
LogPluginManager: Mounting plugin MacGraphicsSwitching
LogPluginManager: Mounting plugin GeometryMode
LogPluginManager: Mounting plugin MaterialAnalyzer
LogPluginManager: Mounting plugin MobileLauncherProfileWizard
LogPluginManager: Mounting plugin PluginBrowser
LogPluginManager: Mounting plugin SpeedTreeImporter
LogPluginManager: Mounting plugin DatasmithContent
LogPluginManager: Mounting plugin VariantManagerContent
LogPluginManager: Mounting plugin AlembicImporter
LogPluginManager: Mounting plugin AutomationUtils
LogPluginManager: Mounting plugin BackChannel
LogPluginManager: Mounting plugin ChaosCloth
LogPluginManager: Mounting plugin ChaosClothEditor
LogPluginManager: Mounting plugin ChaosEditor
LogPluginManager: Mounting plugin ChaosNiagara
LogPluginManager: Mounting plugin ChaosSolverPlugin
LogPluginManager: Mounting plugin CharacterAI
LogPluginManager: Mounting plugin GeometryCache
LogPluginManager: Mounting plugin GeometryCollectionPlugin
LogPluginManager: Mounting plugin AndroidMedia
LogPluginManager: Mounting plugin LuminPlatformFeatures
LogPluginManager: Mounting plugin MagicLeap
LogPluginManager: Mounting plugin AvfMedia
LogPluginManager: Mounting plugin MagicLeapLightEstimation
LogPluginManager: Mounting plugin MagicLeapMedia
LogPluginManager: Mounting plugin GeometryProcessing
LogPluginManager: Mounting plugin MagicLeapPassableWorld
LogPluginManager: Mounting plugin MLSDK
LogPluginManager: Mounting plugin ImgMedia
LogPluginManager: Mounting plugin MediaCompositing
LogPluginManager: Mounting plugin MediaPlayerEditor
LogPluginManager: Mounting plugin MotoSynth
LogPluginManager: Mounting plugin OpenImageDenoise
LogPluginManager: Mounting plugin WebMMedia
LogPluginManager: Mounting plugin PlanarCut
LogPluginManager: Mounting plugin WmfMedia
LogPluginManager: Mounting plugin PlatformCrypto
LogPluginManager: Mounting plugin ProxyLODPlugin
LogPluginManager: Mounting plugin PythonScriptPlugin
LogPluginManager: Mounting plugin SkeletalReduction
LogPluginManager: Mounting plugin Niagara
LogPluginManager: Mounting plugin TcpMessaging
LogPluginManager: Mounting plugin UdpMessaging
LogPluginManager: Mounting plugin ActorSequence
LogPluginManager: Mounting plugin LevelSequenceEditor
LogPluginManager: Mounting plugin MatineeToLevelSequence
LogPluginManager: Mounting plugin TemplateSequence
LogPluginManager: Mounting plugin LauncherChunkInstaller
LogPluginManager: Mounting plugin OnlineSubsystem
LogPluginManager: Mounting plugin OnlineSubsystemNull
LogPluginManager: Mounting plugin OnlineSubsystemUtils
LogPluginManager: Mounting plugin ActorLayerUtilities
LogPluginManager: Mounting plugin AndroidDeviceProfileSelector
LogPluginManager: Mounting plugin AndroidMoviePlayer
LogPluginManager: Mounting plugin AndroidPermission
LogPluginManager: Mounting plugin AppleImageUtils
LogPluginManager: Mounting plugin AppleMoviePlayer
LogPluginManager: Mounting plugin ArchVisCharacter
LogPluginManager: Mounting plugin AssetTags
LogPluginManager: Mounting plugin AudioCapture
LogPluginManager: Mounting plugin AudioSynesthesia
LogPluginManager: Mounting plugin CableComponent
LogPluginManager: Mounting plugin ChunkDownloader
LogPluginManager: Mounting plugin CustomMeshComponent
LogPluginManager: Mounting plugin EditableMesh
LogPluginManager: Mounting plugin ExampleDeviceProfileSelector
LogPluginManager: Mounting plugin GoogleCloudMessaging
LogPluginManager: Mounting plugin GooglePAD
LogPluginManager: Mounting plugin IOSDeviceProfileSelector
LogPluginManager: Mounting plugin LinuxDeviceProfileSelector
LogPluginManager: Mounting plugin LocationServicesBPLibrary
LogPluginManager: Mounting plugin MobilePatchingUtils
LogPluginManager: Mounting plugin OpenXREyeTracker
LogPluginManager: Mounting plugin ScreenshotTools
LogPluginManager: Mounting plugin OpenXRHandTracking
LogPluginManager: Mounting plugin PhysXVehicles
LogPluginManager: Mounting plugin PostSplashScreen
LogPluginManager: Mounting plugin ProceduralMeshComponent
LogPluginManager: Mounting plugin PropertyAccessEditor
LogPluginManager: Mounting plugin RuntimePhysXCooking
LogPluginManager: Mounting plugin SignificanceManager
LogPluginManager: Mounting plugin SoundFields
LogPluginManager: Mounting plugin Synthesis
LogPluginManager: Mounting plugin WebMMoviePlayer
LogPluginManager: Mounting plugin OpenXR
LogPluginManager: Mounting plugin WindowsMoviePlayer
LogPluginManager: Mounting plugin Takes
LogPluginManager: Mounting plugin ContentBrowserAssetDataSource
LogPluginManager: Mounting plugin ContentBrowserClassDataSource
LogPluginManager: Mounting plugin ContentBrowserFileDataSource
LogPluginManager: Mounting plugin OnlineSubsystemGooglePlay
LogPluginManager: Mounting plugin OnlineSubsystemIOS
LogPluginManager: Mounting plugin OculusVR
LogPluginManager: Mounting plugin SteamVR
PixWinPlugin: PIX capture plugin failed to initialize! Check that the process is launched from PIX.
LogInit: Using libcurl 7.55.1-DEV
LogInit:  - built for x86_64-pc-win32
LogInit:  - supports SSL with OpenSSL/1.1.1
LogInit:  - supports HTTP deflate (compression) using libz 1.2.8
LogInit:  - other features:
LogInit:      CURL_VERSION_SSL
LogInit:      CURL_VERSION_LIBZ
LogInit:      CURL_VERSION_IPV6
LogInit:      CURL_VERSION_ASYNCHDNS
LogInit:      CURL_VERSION_LARGEFILE
LogInit:      CURL_VERSION_IDN
LogInit:  CurlRequestOptions (configurable via config and command line):
LogInit:  - bVerifyPeer = true  - Libcurl will verify peer certificate
LogInit:  - bUseHttpProxy = false  - Libcurl will NOT use HTTP proxy
LogInit:  - bDontReuseConnections = false  - Libcurl will reuse connections
LogInit:  - MaxHostConnections = 16  - Libcurl will limit the number of connections to a host
LogInit:  - LocalHostAddr = Default
LogInit:  - BufferSize = 65536
LogOnline: OSS: Creating online subsystem instance for: NULL
LogInit: WinSock: version 1.1 (2.2), MaxSocks=32767, MaxUdp=65467
LogOnline: OSS: TryLoadSubsystemAndSetDefault: Loaded subsystem for module [NULL]
LogOculusPluginWrapper: OculusPlugin initialized successfully
LogHMD: Failed initializing OVRPlugin 1.59.0
LogInit: Build: ++UE4+Release-4.27-CL-18319896
LogInit: Engine Version: 4.27.2-18319896+++UE4+Release-4.27
LogInit: Compatible Engine Version: 4.27.0-17155196+++UE4+Release-4.27
LogInit: Net CL: 17155196
LogInit: OS: Windows 10 (Release 2009) (), CPU: 11th Gen Intel(R) Core(TM) i5-11300H @ 3.10GHz, GPU: Intel(R) Iris(R) Xe Graphics
LogInit: Compiled (64-bit): Nov 30 2021 07:12:08
LogInit: Compiled with Visual C++: 19.24.28315.00
LogInit: Build Configuration: Development
LogInit: Branch Name: ++UE4+Release-4.27
LogInit: Command Line: 
LogInit: Base Directory: C:/Program Files/Epic Games/UE_4.27/Engine/Binaries/Win64/
LogInit: Allocator: TBB
LogInit: Installed Engine Build: 1
LogDevObjectVersion: Number of dev versions registered: 29
LogDevObjectVersion:   Dev-Blueprints (B0D832E4-1F89-4F0D-ACCF-7EB736FD4AA2): 10
LogDevObjectVersion:   Dev-Build (E1C64328-A22C-4D53-A36C-8E866417BD8C): 0
LogDevObjectVersion:   Dev-Core (375EC13C-06E4-48FB-B500-84F0262A717E): 4
LogDevObjectVersion:   Dev-Editor (E4B068ED-F494-42E9-A231-DA0B2E46BB41): 40
LogDevObjectVersion:   Dev-Framework (CFFC743F-43B0-4480-9391-14DF171D2073): 37
LogDevObjectVersion:   Dev-Mobile (B02B49B5-BB20-44E9-A304-32B752E40360): 3
LogDevObjectVersion:   Dev-Networking (A4E4105C-59A1-49B5-A7C5-40C4547EDFEE): 0
LogDevObjectVersion:   Dev-Online (39C831C9-5AE6-47DC-9A44-9C173E1C8E7C): 0
LogDevObjectVersion:   Dev-Physics (78F01B33-EBEA-4F98-B9B4-84EACCB95AA2): 14
LogDevObjectVersion:   Dev-Platform (6631380F-2D4D-43E0-8009-CF276956A95A): 0
LogDevObjectVersion:   Dev-Rendering (12F88B9F-8875-4AFC-A67C-D90C383ABD29): 45
LogDevObjectVersion:   Dev-Sequencer (7B5AE74C-D270-4C10-A958-57980B212A5A): 13
LogDevObjectVersion:   Dev-VR (D7296918-1DD6-4BDD-9DE2-64A83CC13884): 3
LogDevObjectVersion:   Dev-LoadTimes (C2A15278-BFE7-4AFE-6C17-90FF531DF755): 1
LogDevObjectVersion:   Private-Geometry (6EACA3D4-40EC-4CC1-B786-8BED09428FC5): 3
LogDevObjectVersion:   Dev-AnimPhys (29E575DD-E0A3-4627-9D10-D276232CDCEA): 17
LogDevObjectVersion:   Dev-Anim (AF43A65D-7FD3-4947-9873-3E8ED9C1BB05): 15
LogDevObjectVersion:   Dev-ReflectionCapture (6B266CEC-1EC7-4B8F-A30B-E4D90942FC07): 1
LogDevObjectVersion:   Dev-Automation (0DF73D61-A23F-47EA-B727-89E90C41499A): 1
LogDevObjectVersion:   FortniteMain (601D1886-AC64-4F84-AA16-D3DE0DEAC7D6): 47
LogDevObjectVersion:   FortniteRelease (E7086368-6B23-4C58-8439-1B7016265E91): 1
LogDevObjectVersion:   Dev-Enterprise (9DFFBCD6-494F-0158-E221-12823C92A888): 10
LogDevObjectVersion:   Dev-Niagara (F2AED0AC-9AFE-416F-8664-AA7FFA26D6FC): 1
LogDevObjectVersion:   Dev-Destruction (174F1F0B-B4C6-45A5-B13F-2EE8D0FB917D): 10
LogDevObjectVersion:   Dev-Physics-Ext (35F94A83-E258-406C-A318-09F59610247C): 41
LogDevObjectVersion:   Dev-PhysicsMaterial-Chaos (B68FC16E-8B1B-42E2-B453-215C058844FE): 1
LogDevObjectVersion:   Dev-CineCamera (B2E18506-4273-CFC2-A54E-F4BB758BBA07): 1
LogDevObjectVersion:   Dev-VirtualProduction (64F58936-FD1B-42BA-BA96-7289D5D0FA4E): 1
LogDevObjectVersion:   Dev-MediaFramework (6F0ED827-A609-4895-9C91-998D90180EA4): 2
LogInit: Presizing for max 25165824 objects, including 0 objects not considered by GC, pre-allocating 0 bytes for permanent pool.
LogConfig: Applying CVar settings from Section [/Script/Engine.StreamingSettings] File [C:/자료/Programming/Unreal_Projects/Barrel_Hopper/Saved/Config/Windows/Engine.ini]
LogConfig: Setting CVar [[s.MinBulkDataSizeForAsyncLoading:131072]]
LogConfig: Setting CVar [[s.AsyncLoadingThreadEnabled:0]]
LogConfig: Setting CVar [[s.EventDrivenLoaderEnabled:1]]
LogConfig: Setting CVar [[s.WarnIfTimeLimitExceeded:0]]
LogConfig: Setting CVar [[s.TimeLimitExceededMultiplier:1.5]]
LogConfig: Setting CVar [[s.TimeLimitExceededMinTime:0.005]]
LogConfig: Setting CVar [[s.UseBackgroundLevelStreaming:1]]
LogConfig: Setting CVar [[s.PriorityAsyncLoadingExtraTime:15.0]]
LogConfig: Setting CVar [[s.LevelStreamingActorsUpdateTimeLimit:5.0]]
LogConfig: Setting CVar [[s.PriorityLevelStreamingActorsUpdateExtraTime:5.0]]
LogConfig: Setting CVar [[s.LevelStreamingComponentsRegistrationGranularity:10]]
LogConfig: Setting CVar [[s.UnregisterComponentsTimeLimit:1.0]]
LogConfig: Setting CVar [[s.LevelStreamingComponentsUnregistrationGranularity:5]]
LogConfig: Setting CVar [[s.FlushStreamingOnExit:1]]
LogInit: Object subsystem initialized
LogConfig: Setting CVar [[con.DebugEarlyDefault:1]]
LogConfig: Setting CVar [[r.setres:1280x720]]
[2022.02.11-11.57.46:249][  0]LogConfig: Setting CVar [[r.VSync:0]]
[2022.02.11-11.57.46:249][  0]LogConfig: Setting CVar [[r.RHICmdBypass:0]]
[2022.02.11-11.57.46:249][  0]LogConfig: Applying CVar settings from Section [/Script/Engine.RendererSettings] File [C:/자료/Programming/Unreal_Projects/Barrel_Hopper/Saved/Config/Windows/Engine.ini]
[2022.02.11-11.57.46:249][  0]LogConfig: Setting CVar [[r.GPUCrashDebugging:0]]
[2022.02.11-11.57.46:249][  0]LogConfig: Applying CVar settings from Section [/Script/Engine.RendererOverrideSettings] File [C:/자료/Programming/Unreal_Projects/Barrel_Hopper/Saved/Config/Windows/Engine.ini]
[2022.02.11-11.57.46:249][  0]LogConfig: Applying CVar settings from Section [/Script/Engine.StreamingSettings] File [C:/자료/Programming/Unreal_Projects/Barrel_Hopper/Saved/Config/Windows/Engine.ini]
[2022.02.11-11.57.46:249][  0]LogConfig: Setting CVar [[s.MinBulkDataSizeForAsyncLoading:131072]]
[2022.02.11-11.57.46:249][  0]LogConfig: Setting CVar [[s.AsyncLoadingThreadEnabled:0]]
[2022.02.11-11.57.46:250][  0]LogConfig: Setting CVar [[s.EventDrivenLoaderEnabled:1]]
[2022.02.11-11.57.46:250][  0]LogConfig: Setting CVar [[s.WarnIfTimeLimitExceeded:0]]
[2022.02.11-11.57.46:250][  0]LogConfig: Setting CVar [[s.TimeLimitExceededMultiplier:1.5]]
[2022.02.11-11.57.46:250][  0]LogConfig: Setting CVar [[s.TimeLimitExceededMinTime:0.005]]
[2022.02.11-11.57.46:250][  0]LogConfig: Setting CVar [[s.UseBackgroundLevelStreaming:1]]
[2022.02.11-11.57.46:250][  0]LogConfig: Setting CVar [[s.PriorityAsyncLoadingExtraTime:15.0]]
[2022.02.11-11.57.46:250][  0]LogConfig: Setting CVar [[s.LevelStreamingActorsUpdateTimeLimit:5.0]]
[2022.02.11-11.57.46:250][  0]LogConfig: Setting CVar [[s.PriorityLevelStreamingActorsUpdateExtraTime:5.0]]
[2022.02.11-11.57.46:250][  0]LogConfig: Setting CVar [[s.LevelStreamingComponentsRegistrationGranularity:10]]
[2022.02.11-11.57.46:250][  0]LogConfig: Setting CVar [[s.UnregisterComponentsTimeLimit:1.0]]
[2022.02.11-11.57.46:250][  0]LogConfig: Setting CVar [[s.LevelStreamingComponentsUnregistrationGranularity:5]]
[2022.02.11-11.57.46:250][  0]LogConfig: Setting CVar [[s.FlushStreamingOnExit:1]]
[2022.02.11-11.57.46:250][  0]LogConfig: Applying CVar settings from Section [/Script/Engine.GarbageCollectionSettings] File [C:/자료/Programming/Unreal_Projects/Barrel_Hopper/Saved/Config/Windows/Engine.ini]
[2022.02.11-11.57.46:250][  0]LogConfig: Setting CVar [[gc.MaxObjectsNotConsideredByGC:1]]
[2022.02.11-11.57.46:250][  0]LogConfig: Setting CVar [[gc.SizeOfPermanentObjectPool:0]]
[2022.02.11-11.57.46:250][  0]LogConfig: Setting CVar [[gc.FlushStreamingOnGC:0]]
[2022.02.11-11.57.46:250][  0]LogConfig: Setting CVar [[gc.NumRetriesBeforeForcingGC:10]]
[2022.02.11-11.57.46:250][  0]LogConfig: Setting CVar [[gc.AllowParallelGC:1]]
[2022.02.11-11.57.46:250][  0]LogConfig: Setting CVar [[gc.TimeBetweenPurgingPendingKillObjects:61.1]]
[2022.02.11-11.57.46:250][  0]LogConfig: Setting CVar [[gc.MaxObjectsInEditor:25165824]]
[2022.02.11-11.57.46:250][  0]LogConfig: Setting CVar [[gc.IncrementalBeginDestroyEnabled:1]]
[2022.02.11-11.57.46:250][  0]LogConfig: Setting CVar [[gc.CreateGCClusters:1]]
[2022.02.11-11.57.46:250][  0]LogConfig: Setting CVar [[gc.MinGCClusterSize:5]]
[2022.02.11-11.57.46:250][  0]LogConfig: Setting CVar [[gc.ActorClusteringEnabled:0]]
[2022.02.11-11.57.46:250][  0]LogConfig: Setting CVar [[gc.BlueprintClusteringEnabled:0]]
[2022.02.11-11.57.46:250][  0]LogConfig: Setting CVar [[gc.UseDisregardForGCOnDedicatedServers:0]]
[2022.02.11-11.57.46:250][  0]LogConfig: Setting CVar [[gc.MultithreadedDestructionEnabled:1]]
[2022.02.11-11.57.46:250][  0]LogConfig: Applying CVar settings from Section [/Script/Engine.NetworkSettings] File [C:/자료/Programming/Unreal_Projects/Barrel_Hopper/Saved/Config/Windows/Engine.ini]
[2022.02.11-11.57.46:250][  0]LogConfig: Applying CVar settings from Section [/Script/UnrealEd.CookerSettings] File [C:/자료/Programming/Unreal_Projects/Barrel_Hopper/Saved/Config/Windows/Engine.ini]
[2022.02.11-11.57.46:261][  0]LogConfig: Applying CVar settings from Section [ViewDistanceQuality@3] File [C:/자료/Programming/Unreal_Projects/Barrel_Hopper/Saved/Config/Windows/Scalability.ini]
[2022.02.11-11.57.46:261][  0]LogConfig: Setting CVar [[r.SkeletalMeshLODBias:0]]
[2022.02.11-11.57.46:261][  0]LogConfig: Setting CVar [[r.ViewDistanceScale:1.0]]
[2022.02.11-11.57.46:261][  0]LogConfig: Applying CVar settings from Section [AntiAliasingQuality@3] File [C:/자료/Programming/Unreal_Projects/Barrel_Hopper/Saved/Config/Windows/Scalability.ini]
[2022.02.11-11.57.46:261][  0]LogConfig: Setting CVar [[r.PostProcessAAQuality:4]]
[2022.02.11-11.57.46:261][  0]LogConfig: Applying CVar settings from Section [ShadowQuality@3] File [C:/자료/Programming/Unreal_Projects/Barrel_Hopper/Saved/Config/Windows/Scalability.ini]
[2022.02.11-11.57.46:261][  0]LogConfig: Setting CVar [[r.LightFunctionQuality:1]]
[2022.02.11-11.57.46:261][  0]LogConfig: Setting CVar [[r.ShadowQuality:5]]
[2022.02.11-11.57.46:261][  0]LogConfig: Setting CVar [[r.Shadow.CSM.MaxCascades:10]]
[2022.02.11-11.57.46:261][  0]LogConfig: Setting CVar [[r.Shadow.MaxResolution:2048]]
[2022.02.11-11.57.46:261][  0]LogConfig: Setting CVar [[r.Shadow.MaxCSMResolution:2048]]
[2022.02.11-11.57.46:261][  0]LogConfig: Setting CVar [[r.Shadow.RadiusThreshold:0.01]]
[2022.02.11-11.57.46:261][  0]LogConfig: Setting CVar [[r.Shadow.DistanceScale:1.0]]
[2022.02.11-11.57.46:261][  0]LogConfig: Setting CVar [[r.Shadow.CSM.TransitionScale:1.0]]
[2022.02.11-11.57.46:261][  0]LogConfig: Setting CVar [[r.Shadow.PreShadowResolutionFactor:1.0]]
[2022.02.11-11.57.46:261][  0]LogConfig: Setting CVar [[r.DistanceFieldShadowing:1]]
[2022.02.11-11.57.46:261][  0]LogConfig: Setting CVar [[r.DistanceFieldAO:1]]
[2022.02.11-11.57.46:261][  0]LogConfig: Setting CVar [[r.AOQuality:2]]
[2022.02.11-11.57.46:261][  0]LogConfig: Setting CVar [[r.VolumetricFog:1]]
[2022.02.11-11.57.46:261][  0]LogConfig: Setting CVar [[r.VolumetricFog.GridPixelSize:8]]
[2022.02.11-11.57.46:261][  0]LogConfig: Setting CVar [[r.VolumetricFog.GridSizeZ:128]]
[2022.02.11-11.57.46:261][  0]LogConfig: Setting CVar [[r.VolumetricFog.HistoryMissSupersampleCount:4]]
[2022.02.11-11.57.46:261][  0]LogConfig: Setting CVar [[r.LightMaxDrawDistanceScale:1]]
[2022.02.11-11.57.46:261][  0]LogConfig: Setting CVar [[r.CapsuleShadows:1]]
[2022.02.11-11.57.46:261][  0]LogConfig: Applying CVar settings from Section [PostProcessQuality@3] File [C:/자료/Programming/Unreal_Projects/Barrel_Hopper/Saved/Config/Windows/Scalability.ini]
[2022.02.11-11.57.46:261][  0]LogConfig: Setting CVar [[r.MotionBlurQuality:4]]
[2022.02.11-11.57.46:261][  0]LogConfig: Setting CVar [[r.AmbientOcclusionMipLevelFactor:0.4]]
[2022.02.11-11.57.46:261][  0]LogConfig: Setting CVar [[r.AmbientOcclusionMaxQuality:100]]
[2022.02.11-11.57.46:261][  0]LogConfig: Setting CVar [[r.AmbientOcclusionLevels:-1]]
[2022.02.11-11.57.46:261][  0]LogConfig: Setting CVar [[r.AmbientOcclusionRadiusScale:1.0]]
[2022.02.11-11.57.46:261][  0]LogConfig: Setting CVar [[r.DepthOfFieldQuality:2]]
[2022.02.11-11.57.46:261][  0]LogConfig: Setting CVar [[r.RenderTargetPoolMin:400]]
[2022.02.11-11.57.46:261][  0]LogConfig: Setting CVar [[r.LensFlareQuality:2]]
[2022.02.11-11.57.46:261][  0]LogConfig: Setting CVar [[r.SceneColorFringeQuality:1]]
[2022.02.11-11.57.46:261][  0]LogConfig: Setting CVar [[r.EyeAdaptationQuality:2]]
[2022.02.11-11.57.46:261][  0]LogConfig: Setting CVar [[r.BloomQuality:5]]
[2022.02.11-11.57.46:261][  0]LogConfig: Setting CVar [[r.FastBlurThreshold:100]]
[2022.02.11-11.57.46:261][  0]LogConfig: Setting CVar [[r.Upscale.Quality:3]]
[2022.02.11-11.57.46:261][  0]LogConfig: Setting CVar [[r.Tonemapper.GrainQuantization:1]]
[2022.02.11-11.57.46:261][  0]LogConfig: Setting CVar [[r.LightShaftQuality:1]]
[2022.02.11-11.57.46:261][  0]LogConfig: Setting CVar [[r.Filter.SizeScale:1]]
[2022.02.11-11.57.46:261][  0]LogConfig: Setting CVar [[r.Tonemapper.Quality:5]]
[2022.02.11-11.57.46:261][  0]LogConfig: Setting CVar [[r.DOF.Gather.AccumulatorQuality:1        ; higher gathering accumulator quality]]
[2022.02.11-11.57.46:261][  0]LogConfig: Setting CVar [[r.DOF.Gather.PostfilterMethod:1          ; Median3x3 postfilering method]]
[2022.02.11-11.57.46:261][  0]LogConfig: Setting CVar [[r.DOF.Gather.EnableBokehSettings:0       ; no bokeh simulation when gathering]]
[2022.02.11-11.57.46:261][  0]LogConfig: Setting CVar [[r.DOF.Gather.RingCount:4                 ; medium number of samples when gathering]]
[2022.02.11-11.57.46:261][  0]LogConfig: Setting CVar [[r.DOF.Scatter.ForegroundCompositing:1    ; additive foreground scattering]]
[2022.02.11-11.57.46:261][  0]LogConfig: Setting CVar [[r.DOF.Scatter.BackgroundCompositing:2    ; additive background scattering]]
[2022.02.11-11.57.46:261][  0]LogConfig: Setting CVar [[r.DOF.Scatter.EnableBokehSettings:1      ; bokeh simulation when scattering]]
[2022.02.11-11.57.46:261][  0]LogConfig: Setting CVar [[r.DOF.Scatter.MaxSpriteRatio:0.1         ; only a maximum of 10% of scattered bokeh]]
[2022.02.11-11.57.46:261][  0]LogConfig: Setting CVar [[r.DOF.Recombine.Quality:1                ; cheap slight out of focus]]
[2022.02.11-11.57.46:261][  0]LogConfig: Setting CVar [[r.DOF.Recombine.EnableBokehSettings:0    ; no bokeh simulation on slight out of focus]]
[2022.02.11-11.57.46:261][  0]LogConfig: Setting CVar [[r.DOF.TemporalAAQuality:1                ; more stable temporal accumulation]]
[2022.02.11-11.57.46:261][  0]LogConfig: Setting CVar [[r.DOF.Kernel.MaxForegroundRadius:0.025]]
[2022.02.11-11.57.46:261][  0]LogConfig: Setting CVar [[r.DOF.Kernel.MaxBackgroundRadius:0.025]]
[2022.02.11-11.57.46:261][  0]LogConfig: Applying CVar settings from Section [TextureQuality@3] File [C:/자료/Programming/Unreal_Projects/Barrel_Hopper/Saved/Config/Windows/Scalability.ini]
[2022.02.11-11.57.46:261][  0]LogConfig: Setting CVar [[r.Streaming.MipBias:0]]
[2022.02.11-11.57.46:261][  0]LogConfig: Setting CVar [[r.Streaming.AmortizeCPUToGPUCopy:0]]
[2022.02.11-11.57.46:261][  0]LogConfig: Setting CVar [[r.Streaming.MaxNumTexturesToStreamPerFrame:0]]
[2022.02.11-11.57.46:261][  0]LogConfig: Setting CVar [[r.Streaming.Boost:1]]
[2022.02.11-11.57.46:261][  0]LogConfig: Setting CVar [[r.MaxAnisotropy:8]]
[2022.02.11-11.57.46:261][  0]LogConfig: Setting CVar [[r.VT.MaxAnisotropy:8]]
[2022.02.11-11.57.46:261][  0]LogConfig: Setting CVar [[r.Streaming.LimitPoolSizeToVRAM:0]]
[2022.02.11-11.57.46:262][  0]LogConfig: Setting CVar [[r.Streaming.PoolSize:1000]]
[2022.02.11-11.57.46:262][  0]LogConfig: Setting CVar [[r.Streaming.MaxEffectiveScreenSize:0]]
[2022.02.11-11.57.46:262][  0]LogConfig: Applying CVar settings from Section [EffectsQuality@3] File [C:/자료/Programming/Unreal_Projects/Barrel_Hopper/Saved/Config/Windows/Scalability.ini]
[2022.02.11-11.57.46:262][  0]LogConfig: Setting CVar [[r.TranslucencyLightingVolumeDim:64]]
[2022.02.11-11.57.46:262][  0]LogConfig: Setting CVar [[r.RefractionQuality:2]]
[2022.02.11-11.57.46:262][  0]LogConfig: Setting CVar [[r.SSR.Quality:3]]
[2022.02.11-11.57.46:262][  0]LogConfig: Setting CVar [[r.SSR.HalfResSceneColor:0]]
[2022.02.11-11.57.46:262][  0]LogConfig: Setting CVar [[r.SceneColorFormat:4]]
[2022.02.11-11.57.46:262][  0]LogConfig: Setting CVar [[r.DetailMode:2]]
[2022.02.11-11.57.46:262][  0]LogConfig: Setting CVar [[r.TranslucencyVolumeBlur:1]]
[2022.02.11-11.57.46:262][  0]LogConfig: Setting CVar [[r.MaterialQualityLevel:1 ; High quality]]
[2022.02.11-11.57.46:262][  0]LogConfig: Setting CVar [[r.AnisotropicMaterials:1]]
[2022.02.11-11.57.46:262][  0]LogConfig: Setting CVar [[r.SSS.Scale:1]]
[2022.02.11-11.57.46:262][  0]LogConfig: Setting CVar [[r.SSS.SampleSet:2]]
[2022.02.11-11.57.46:262][  0]LogConfig: Setting CVar [[r.SSS.Quality:1]]
[2022.02.11-11.57.46:262][  0]LogConfig: Setting CVar [[r.SSS.HalfRes:0]]
[2022.02.11-11.57.46:262][  0]LogConfig: Setting CVar [[r.SSGI.Quality:3]]
[2022.02.11-11.57.46:262][  0]LogConfig: Setting CVar [[r.EmitterSpawnRateScale:1.0]]
[2022.02.11-11.57.46:262][  0]LogConfig: Setting CVar [[r.ParticleLightQuality:2]]
[2022.02.11-11.57.46:262][  0]LogConfig: Setting CVar [[r.SkyAtmosphere.AerialPerspectiveLUT.FastApplyOnOpaque:1 ; Always have FastSkyLUT 1 in this case to avoid wrong sky]]
[2022.02.11-11.57.46:262][  0]LogConfig: Setting CVar [[r.SkyAtmosphere.AerialPerspectiveLUT.SampleCountMaxPerSlice:4]]
[2022.02.11-11.57.46:262][  0]LogConfig: Setting CVar [[r.SkyAtmosphere.AerialPerspectiveLUT.DepthResolution:16.0]]
[2022.02.11-11.57.46:262][  0]LogConfig: Setting CVar [[r.SkyAtmosphere.FastSkyLUT:1]]
[2022.02.11-11.57.46:262][  0]LogConfig: Setting CVar [[r.SkyAtmosphere.FastSkyLUT.SampleCountMin:4.0]]
[2022.02.11-11.57.46:262][  0]LogConfig: Setting CVar [[r.SkyAtmosphere.FastSkyLUT.SampleCountMax:128.0]]
[2022.02.11-11.57.46:262][  0]LogConfig: Setting CVar [[r.SkyAtmosphere.SampleCountMin:4.0]]
[2022.02.11-11.57.46:262][  0]LogConfig: Setting CVar [[r.SkyAtmosphere.SampleCountMax:128.0]]
[2022.02.11-11.57.46:262][  0]LogConfig: Setting CVar [[r.SkyAtmosphere.TransmittanceLUT.UseSmallFormat:0]]
[2022.02.11-11.57.46:262][  0]LogConfig: Setting CVar [[r.SkyAtmosphere.TransmittanceLUT.SampleCount:10.0]]
[2022.02.11-11.57.46:262][  0]LogConfig: Setting CVar [[r.SkyAtmosphere.MultiScatteringLUT.SampleCount:15.0]]
[2022.02.11-11.57.46:262][  0]LogConfig: Setting CVar [[r.SkyLight.RealTimeReflectionCapture:1]]
[2022.02.11-11.57.46:262][  0]LogConfig: Applying CVar settings from Section [FoliageQuality@3] File [C:/자료/Programming/Unreal_Projects/Barrel_Hopper/Saved/Config/Windows/Scalability.ini]
[2022.02.11-11.57.46:262][  0]LogConfig: Setting CVar [[foliage.DensityScale:1.0]]
[2022.02.11-11.57.46:262][  0]LogConfig: Setting CVar [[grass.DensityScale:1.0]]
[2022.02.11-11.57.46:262][  0]LogConfig: Applying CVar settings from Section [ShadingQuality@3] File [C:/자료/Programming/Unreal_Projects/Barrel_Hopper/Saved/Config/Windows/Scalability.ini]
[2022.02.11-11.57.46:262][  0]LogConfig: Setting CVar [[r.HairStrands.SkyLighting.IntegrationType:2]]
[2022.02.11-11.57.46:262][  0]LogConfig: Setting CVar [[r.HairStrands.SkyAO.SampleCount:4]]
[2022.02.11-11.57.46:262][  0]LogConfig: Setting CVar [[r.HairStrands.Visibility.MSAA.SamplePerPixel:4]]
[2022.02.11-11.57.46:262][  0]LogInit: Selected Device Profile: [Windows]
[2022.02.11-11.57.46:262][  0]LogInit: Applying CVar settings loaded from the selected device profile: [Windows]
[2022.02.11-11.57.46:262][  0]LogHAL: Display: Platform has ~ 16 GB [16843190272 / 17179869184 / 16], which maps to Larger [LargestMinGB=32, LargerMinGB=12, DefaultMinGB=8, SmallerMinGB=6, SmallestMinGB=0)
[2022.02.11-11.57.46:262][  0]LogInit: Going up to parent DeviceProfile []
[2022.02.11-11.57.46:262][  0]LogConfig: Applying CVar settings from Section [ViewDistanceQuality@3] File [C:/자료/Programming/Unreal_Projects/Barrel_Hopper/Saved/Config/Windows/Scalability.ini]
[2022.02.11-11.57.46:262][  0]LogConfig: Setting CVar [[r.SkeletalMeshLODBias:0]]
[2022.02.11-11.57.46:262][  0]LogConfig: Setting CVar [[r.ViewDistanceScale:1.0]]
[2022.02.11-11.57.46:262][  0]LogConfig: Applying CVar settings from Section [AntiAliasingQuality@3] File [C:/자료/Programming/Unreal_Projects/Barrel_Hopper/Saved/Config/Windows/Scalability.ini]
[2022.02.11-11.57.46:262][  0]LogConfig: Setting CVar [[r.PostProcessAAQuality:4]]
[2022.02.11-11.57.46:262][  0]LogConfig: Applying CVar settings from Section [ShadowQuality@3] File [C:/자료/Programming/Unreal_Projects/Barrel_Hopper/Saved/Config/Windows/Scalability.ini]
[2022.02.11-11.57.46:262][  0]LogConfig: Setting CVar [[r.LightFunctionQuality:1]]
[2022.02.11-11.57.46:262][  0]LogConfig: Setting CVar [[r.ShadowQuality:5]]
[2022.02.11-11.57.46:262][  0]LogConfig: Setting CVar [[r.Shadow.CSM.MaxCascades:10]]
[2022.02.11-11.57.46:262][  0]LogConfig: Setting CVar [[r.Shadow.MaxResolution:2048]]
[2022.02.11-11.57.46:262][  0]LogConfig: Setting CVar [[r.Shadow.MaxCSMResolution:2048]]
[2022.02.11-11.57.46:262][  0]LogConfig: Setting CVar [[r.Shadow.RadiusThreshold:0.01]]
[2022.02.11-11.57.46:262][  0]LogConfig: Setting CVar [[r.Shadow.DistanceScale:1.0]]
[2022.02.11-11.57.46:262][  0]LogConfig: Setting CVar [[r.Shadow.CSM.TransitionScale:1.0]]
[2022.02.11-11.57.46:262][  0]LogConfig: Setting CVar [[r.Shadow.PreShadowResolutionFactor:1.0]]
[2022.02.11-11.57.46:262][  0]LogConfig: Setting CVar [[r.DistanceFieldShadowing:1]]
[2022.02.11-11.57.46:262][  0]LogConfig: Setting CVar [[r.DistanceFieldAO:1]]
[2022.02.11-11.57.46:262][  0]LogConfig: Setting CVar [[r.AOQuality:2]]
[2022.02.11-11.57.46:262][  0]LogConfig: Setting CVar [[r.VolumetricFog:1]]
[2022.02.11-11.57.46:262][  0]LogConfig: Setting CVar [[r.VolumetricFog.GridPixelSize:8]]
[2022.02.11-11.57.46:262][  0]LogConfig: Setting CVar [[r.VolumetricFog.GridSizeZ:128]]
[2022.02.11-11.57.46:262][  0]LogConfig: Setting CVar [[r.VolumetricFog.HistoryMissSupersampleCount:4]]
[2022.02.11-11.57.46:262][  0]LogConfig: Setting CVar [[r.LightMaxDrawDistanceScale:1]]
[2022.02.11-11.57.46:262][  0]LogConfig: Setting CVar [[r.CapsuleShadows:1]]
[2022.02.11-11.57.46:262][  0]LogConfig: Applying CVar settings from Section [PostProcessQuality@3] File [C:/자료/Programming/Unreal_Projects/Barrel_Hopper/Saved/Config/Windows/Scalability.ini]
[2022.02.11-11.57.46:262][  0]LogConfig: Setting CVar [[r.MotionBlurQuality:4]]
[2022.02.11-11.57.46:262][  0]LogConfig: Setting CVar [[r.AmbientOcclusionMipLevelFactor:0.4]]
[2022.02.11-11.57.46:262][  0]LogConfig: Setting CVar [[r.AmbientOcclusionMaxQuality:100]]
[2022.02.11-11.57.46:262][  0]LogConfig: Setting CVar [[r.AmbientOcclusionLevels:-1]]
[2022.02.11-11.57.46:262][  0]LogConfig: Setting CVar [[r.AmbientOcclusionRadiusScale:1.0]]
[2022.02.11-11.57.46:262][  0]LogConfig: Setting CVar [[r.DepthOfFieldQuality:2]]
[2022.02.11-11.57.46:262][  0]LogConfig: Setting CVar [[r.RenderTargetPoolMin:400]]
[2022.02.11-11.57.46:262][  0]LogConfig: Setting CVar [[r.LensFlareQuality:2]]
[2022.02.11-11.57.46:262][  0]LogConfig: Setting CVar [[r.SceneColorFringeQuality:1]]
[2022.02.11-11.57.46:262][  0]LogConfig: Setting CVar [[r.EyeAdaptationQuality:2]]
[2022.02.11-11.57.46:262][  0]LogConfig: Setting CVar [[r.BloomQuality:5]]
[2022.02.11-11.57.46:262][  0]LogConfig: Setting CVar [[r.FastBlurThreshold:100]]
[2022.02.11-11.57.46:262][  0]LogConfig: Setting CVar [[r.Upscale.Quality:3]]
[2022.02.11-11.57.46:262][  0]LogConfig: Setting CVar [[r.Tonemapper.GrainQuantization:1]]
[2022.02.11-11.57.46:262][  0]LogConfig: Setting CVar [[r.LightShaftQuality:1]]
[2022.02.11-11.57.46:262][  0]LogConfig: Setting CVar [[r.Filter.SizeScale:1]]
[2022.02.11-11.57.46:262][  0]LogConfig: Setting CVar [[r.Tonemapper.Quality:5]]
[2022.02.11-11.57.46:262][  0]LogConfig: Setting CVar [[r.DOF.Gather.AccumulatorQuality:1        ; higher gathering accumulator quality]]
[2022.02.11-11.57.46:262][  0]LogConfig: Setting CVar [[r.DOF.Gather.PostfilterMethod:1          ; Median3x3 postfilering method]]
[2022.02.11-11.57.46:262][  0]LogConfig: Setting CVar [[r.DOF.Gather.EnableBokehSettings:0       ; no bokeh simulation when gathering]]
[2022.02.11-11.57.46:262][  0]LogConfig: Setting CVar [[r.DOF.Gather.RingCount:4                 ; medium number of samples when gathering]]
[2022.02.11-11.57.46:262][  0]LogConfig: Setting CVar [[r.DOF.Scatter.ForegroundCompositing:1    ; additive foreground scattering]]
[2022.02.11-11.57.46:262][  0]LogConfig: Setting CVar [[r.DOF.Scatter.BackgroundCompositing:2    ; additive background scattering]]
[2022.02.11-11.57.46:262][  0]LogConfig: Setting CVar [[r.DOF.Scatter.EnableBokehSettings:1      ; bokeh simulation when scattering]]
[2022.02.11-11.57.46:262][  0]LogConfig: Setting CVar [[r.DOF.Scatter.MaxSpriteRatio:0.1         ; only a maximum of 10% of scattered bokeh]]
[2022.02.11-11.57.46:262][  0]LogConfig: Setting CVar [[r.DOF.Recombine.Quality:1                ; cheap slight out of focus]]
[2022.02.11-11.57.46:262][  0]LogConfig: Setting CVar [[r.DOF.Recombine.EnableBokehSettings:0    ; no bokeh simulation on slight out of focus]]
[2022.02.11-11.57.46:262][  0]LogConfig: Setting CVar [[r.DOF.TemporalAAQuality:1                ; more stable temporal accumulation]]
[2022.02.11-11.57.46:262][  0]LogConfig: Setting CVar [[r.DOF.Kernel.MaxForegroundRadius:0.025]]
[2022.02.11-11.57.46:262][  0]LogConfig: Setting CVar [[r.DOF.Kernel.MaxBackgroundRadius:0.025]]
[2022.02.11-11.57.46:262][  0]LogConfig: Applying CVar settings from Section [TextureQuality@3] File [C:/자료/Programming/Unreal_Projects/Barrel_Hopper/Saved/Config/Windows/Scalability.ini]
[2022.02.11-11.57.46:262][  0]LogConfig: Setting CVar [[r.Streaming.MipBias:0]]
[2022.02.11-11.57.46:262][  0]LogConfig: Setting CVar [[r.Streaming.AmortizeCPUToGPUCopy:0]]
[2022.02.11-11.57.46:262][  0]LogConfig: Setting CVar [[r.Streaming.MaxNumTexturesToStreamPerFrame:0]]
[2022.02.11-11.57.46:262][  0]LogConfig: Setting CVar [[r.Streaming.Boost:1]]
[2022.02.11-11.57.46:262][  0]LogConfig: Setting CVar [[r.MaxAnisotropy:8]]
[2022.02.11-11.57.46:262][  0]LogConfig: Setting CVar [[r.VT.MaxAnisotropy:8]]
[2022.02.11-11.57.46:262][  0]LogConfig: Setting CVar [[r.Streaming.LimitPoolSizeToVRAM:0]]
[2022.02.11-11.57.46:262][  0]LogConfig: Setting CVar [[r.Streaming.PoolSize:1000]]
[2022.02.11-11.57.46:262][  0]LogConfig: Setting CVar [[r.Streaming.MaxEffectiveScreenSize:0]]
[2022.02.11-11.57.46:262][  0]LogConfig: Applying CVar settings from Section [EffectsQuality@3] File [C:/자료/Programming/Unreal_Projects/Barrel_Hopper/Saved/Config/Windows/Scalability.ini]
[2022.02.11-11.57.46:262][  0]LogConfig: Setting CVar [[r.TranslucencyLightingVolumeDim:64]]
[2022.02.11-11.57.46:262][  0]LogConfig: Setting CVar [[r.RefractionQuality:2]]
[2022.02.11-11.57.46:262][  0]LogConfig: Setting CVar [[r.SSR.Quality:3]]
[2022.02.11-11.57.46:262][  0]LogConfig: Setting CVar [[r.SSR.HalfResSceneColor:0]]
[2022.02.11-11.57.46:263][  0]LogConfig: Setting CVar [[r.SceneColorFormat:4]]
[2022.02.11-11.57.46:263][  0]LogConfig: Setting CVar [[r.DetailMode:2]]
[2022.02.11-11.57.46:263][  0]LogConfig: Setting CVar [[r.TranslucencyVolumeBlur:1]]
[2022.02.11-11.57.46:263][  0]LogConfig: Setting CVar [[r.MaterialQualityLevel:1 ; High quality]]
[2022.02.11-11.57.46:263][  0]LogConfig: Setting CVar [[r.AnisotropicMaterials:1]]
[2022.02.11-11.57.46:263][  0]LogConfig: Setting CVar [[r.SSS.Scale:1]]
[2022.02.11-11.57.46:263][  0]LogConfig: Setting CVar [[r.SSS.SampleSet:2]]
[2022.02.11-11.57.46:263][  0]LogConfig: Setting CVar [[r.SSS.Quality:1]]
[2022.02.11-11.57.46:263][  0]LogConfig: Setting CVar [[r.SSS.HalfRes:0]]
[2022.02.11-11.57.46:263][  0]LogConfig: Setting CVar [[r.SSGI.Quality:3]]
[2022.02.11-11.57.46:263][  0]LogConfig: Setting CVar [[r.EmitterSpawnRateScale:1.0]]
[2022.02.11-11.57.46:263][  0]LogConfig: Setting CVar [[r.ParticleLightQuality:2]]
[2022.02.11-11.57.46:263][  0]LogConfig: Setting CVar [[r.SkyAtmosphere.AerialPerspectiveLUT.FastApplyOnOpaque:1 ; Always have FastSkyLUT 1 in this case to avoid wrong sky]]
[2022.02.11-11.57.46:263][  0]LogConfig: Setting CVar [[r.SkyAtmosphere.AerialPerspectiveLUT.SampleCountMaxPerSlice:4]]
[2022.02.11-11.57.46:263][  0]LogConfig: Setting CVar [[r.SkyAtmosphere.AerialPerspectiveLUT.DepthResolution:16.0]]
[2022.02.11-11.57.46:263][  0]LogConfig: Setting CVar [[r.SkyAtmosphere.FastSkyLUT:1]]
[2022.02.11-11.57.46:263][  0]LogConfig: Setting CVar [[r.SkyAtmosphere.FastSkyLUT.SampleCountMin:4.0]]
[2022.02.11-11.57.46:263][  0]LogConfig: Setting CVar [[r.SkyAtmosphere.FastSkyLUT.SampleCountMax:128.0]]
[2022.02.11-11.57.46:263][  0]LogConfig: Setting CVar [[r.SkyAtmosphere.SampleCountMin:4.0]]
[2022.02.11-11.57.46:263][  0]LogConfig: Setting CVar [[r.SkyAtmosphere.SampleCountMax:128.0]]
[2022.02.11-11.57.46:263][  0]LogConfig: Setting CVar [[r.SkyAtmosphere.TransmittanceLUT.UseSmallFormat:0]]
[2022.02.11-11.57.46:263][  0]LogConfig: Setting CVar [[r.SkyAtmosphere.TransmittanceLUT.SampleCount:10.0]]
[2022.02.11-11.57.46:263][  0]LogConfig: Setting CVar [[r.SkyAtmosphere.MultiScatteringLUT.SampleCount:15.0]]
[2022.02.11-11.57.46:263][  0]LogConfig: Setting CVar [[r.SkyLight.RealTimeReflectionCapture:1]]
[2022.02.11-11.57.46:263][  0]LogConfig: Applying CVar settings from Section [FoliageQuality@3] File [C:/자료/Programming/Unreal_Projects/Barrel_Hopper/Saved/Config/Windows/Scalability.ini]
[2022.02.11-11.57.46:263][  0]LogConfig: Setting CVar [[foliage.DensityScale:1.0]]
[2022.02.11-11.57.46:263][  0]LogConfig: Setting CVar [[grass.DensityScale:1.0]]
[2022.02.11-11.57.46:263][  0]LogConfig: Applying CVar settings from Section [ShadingQuality@3] File [C:/자료/Programming/Unreal_Projects/Barrel_Hopper/Saved/Config/Windows/Scalability.ini]
[2022.02.11-11.57.46:263][  0]LogConfig: Setting CVar [[r.HairStrands.SkyLighting.IntegrationType:2]]
[2022.02.11-11.57.46:263][  0]LogConfig: Setting CVar [[r.HairStrands.SkyAO.SampleCount:4]]
[2022.02.11-11.57.46:263][  0]LogConfig: Setting CVar [[r.HairStrands.Visibility.MSAA.SamplePerPixel:4]]
[2022.02.11-11.57.46:263][  0]LogConfig: Applying CVar settings from Section [Startup] File [../../../Engine/Config/ConsoleVariables.ini]
[2022.02.11-11.57.46:263][  0]LogConfig: Setting CVar [[net.UseAdaptiveNetUpdateFrequency:0]]
[2022.02.11-11.57.46:263][  0]LogConfig: Setting CVar [[p.chaos.AllowCreatePhysxBodies:1]]
[2022.02.11-11.57.46:263][  0]LogConfig: Setting CVar [[fx.SkipVectorVMBackendOptimizations:1]]
[2022.02.11-11.57.46:263][  0]LogConfig: Applying CVar settings from Section [ConsoleVariables] File [C:/자료/Programming/Unreal_Projects/Barrel_Hopper/Saved/Config/Windows/Engine.ini]
[2022.02.11-11.57.46:263][  0]LogConfig: Applying CVar settings from Section [ConsoleVariables] File [C:/자료/Programming/Unreal_Projects/Barrel_Hopper/Saved/Config/Windows/Editor.ini]
[2022.02.11-11.57.46:263][  0]LogInit: Computer: 수용-비보북프로
[2022.02.11-11.57.46:263][  0]LogInit: User: ps2b
[2022.02.11-11.57.46:263][  0]LogInit: CPU Page size=4096, Cores=4
[2022.02.11-11.57.46:263][  0]LogInit: High frequency timer resolution =10.000000 MHz
[2022.02.11-11.57.46:263][  0]LogMemory: Memory total: Physical=15.7GB (16GB approx)
[2022.02.11-11.57.46:263][  0]LogMemory: Platform Memory Stats for Windows
[2022.02.11-11.57.46:263][  0]LogMemory: Process Physical Memory: 145.04 MB used, 145.04 MB peak
[2022.02.11-11.57.46:263][  0]LogMemory: Process Virtual Memory: 128.53 MB used, 128.53 MB peak
[2022.02.11-11.57.46:263][  0]LogMemory: Physical Memory: 6266.45 MB used,  9796.47 MB free, 16062.92 MB total
[2022.02.11-11.57.46:263][  0]LogMemory: Virtual Memory: 134207168.00 MB used,  10563.21 MB free, 134217728.00 MB total
[2022.02.11-11.57.46:269][  0]LogWindows: WindowsPlatformFeatures enabled
[2022.02.11-11.57.46:291][  0]LogInit: Physics initialised using underlying interface: PhysX
[2022.02.11-11.57.46:292][  0]LogInit: Using OS detected language (en-US).
[2022.02.11-11.57.46:292][  0]LogInit: Using OS detected locale (en-US).
[2022.02.11-11.57.46:296][  0]LogTextLocalizationManager: No specific localization for 'en-US' exists, so the 'en' localization will be used.
[2022.02.11-11.57.46:457][  0]LogInit: Setting process to per monitor DPI aware
[2022.02.11-11.57.46:482][  0]LogWindowsTextInputMethodSystem: Display: IME system deactivated.
[2022.02.11-11.57.46:497][  0]LogSlate: New Slate User Created.  User Index 0, Is Virtual User: 0
[2022.02.11-11.57.46:497][  0]LogSlate: Slate User Registered.  User Index 0, Is Virtual User: 0
[2022.02.11-11.57.46:623][  0]LogD3D11RHI: Loaded GFSDK_Aftermath_Lib.x64.dll
[2022.02.11-11.57.46:659][  0]LogHMD: Failed to initialize OpenVR with code 110
[2022.02.11-11.57.46:659][  0]LogD3D11RHI: D3D11 min allowed feature level: 11_0
[2022.02.11-11.57.46:659][  0]LogD3D11RHI: D3D11 max allowed feature level: 11_0
[2022.02.11-11.57.46:659][  0]LogD3D11RHI: D3D11 adapters:
[2022.02.11-11.57.46:748][  0]LogD3D11RHI:    0. 'NVIDIA GeForce RTX 3050 Laptop GPU' (Feature Level 11_0)
[2022.02.11-11.57.46:748][  0]LogD3D11RHI:       3993/0/8031 MB DedicatedVideo/DedicatedSystem/SharedSystem, Outputs:1, VendorId:0x10de
[2022.02.11-11.57.46:772][  0]LogD3D11RHI:    1. 'Intel(R) Iris(R) Xe Graphics' (Feature Level 11_0)
[2022.02.11-11.57.46:772][  0]LogD3D11RHI:       128/0/8031 MB DedicatedVideo/DedicatedSystem/SharedSystem, Outputs:0, VendorId:0x8086
[2022.02.11-11.57.46:774][  0]LogD3D11RHI:    2. 'Microsoft Basic Render Driver' (Feature Level 11_0)
[2022.02.11-11.57.46:774][  0]LogD3D11RHI:       0/0/8031 MB DedicatedVideo/DedicatedSystem/SharedSystem, Outputs:0, VendorId:0x1414
[2022.02.11-11.57.46:774][  0]LogD3D11RHI: Chosen D3D11 Adapter:
[2022.02.11-11.57.46:774][  0]LogD3D11RHI:     Description : NVIDIA GeForce RTX 3050 Laptop GPU
[2022.02.11-11.57.46:774][  0]LogD3D11RHI:     VendorId    : 10de
[2022.02.11-11.57.46:774][  0]LogD3D11RHI:     DeviceId    : 25a2
[2022.02.11-11.57.46:774][  0]LogD3D11RHI:     SubSysId    : 174c1043
[2022.02.11-11.57.46:774][  0]LogD3D11RHI:     Revision    : 00a1
[2022.02.11-11.57.46:774][  0]LogD3D11RHI:     DedicatedVideoMemory : 4186963968 bytes
[2022.02.11-11.57.46:774][  0]LogD3D11RHI:     DedicatedSystemMemory : 0 bytes
[2022.02.11-11.57.46:774][  0]LogD3D11RHI:     SharedSystemMemory : 8421595136 bytes
[2022.02.11-11.57.46:774][  0]LogD3D11RHI:     AdapterLuid : 0 53285
[2022.02.11-11.57.46:778][  0]LogD3D11RHI: Creating new Direct3DDevice
[2022.02.11-11.57.46:778][  0]LogD3D11RHI:     GPU DeviceId: 0x25a2 (for the marketing name, search the web for "GPU Device Id")
[2022.02.11-11.57.46:778][  0]LogWindows: EnumDisplayDevices:
[2022.02.11-11.57.46:778][  0]LogWindows:    0. 'Intel(R) Iris(R) Xe Graphics' (P:1 D:1)
[2022.02.11-11.57.46:779][  0]LogWindows:    1. 'Intel(R) Iris(R) Xe Graphics' (P:0 D:0)
[2022.02.11-11.57.46:779][  0]LogWindows:    2. 'Intel(R) Iris(R) Xe Graphics' (P:0 D:0)
[2022.02.11-11.57.46:779][  0]LogWindows:    3. 'Intel(R) Iris(R) Xe Graphics' (P:0 D:0)
[2022.02.11-11.57.46:779][  0]LogWindows: DebugString: PrimaryIsNotTheChoosenAdapter PrimaryIsNotTheChoosenAdapter PrimaryIsNotTheChoosenAdapter PrimaryIsNotTheChoosenAdapter FoundDriverCount:0 
[2022.02.11-11.57.46:779][  0]LogD3D11RHI:     Adapter Name: NVIDIA GeForce RTX 3050 Laptop GPU
[2022.02.11-11.57.46:779][  0]LogD3D11RHI:   Driver Version: Unknown (internal:Unknown, unified:Unknown)
[2022.02.11-11.57.46:779][  0]LogD3D11RHI:      Driver Date: Unknown
[2022.02.11-11.57.46:779][  0]LogRHI: Texture pool is 2795 MB (70% of 3993 MB)
[2022.02.11-11.57.46:779][  0]LogD3D11RHI: Creating D3DDevice using adapter:
[2022.02.11-11.57.46:779][  0]LogD3D11RHI:     Description : NVIDIA GeForce RTX 3050 Laptop GPU
[2022.02.11-11.57.46:779][  0]LogD3D11RHI:     VendorId    : 10de
[2022.02.11-11.57.46:779][  0]LogD3D11RHI:     DeviceId    : 25a2
[2022.02.11-11.57.46:779][  0]LogD3D11RHI:     SubSysId    : 174c1043
[2022.02.11-11.57.46:779][  0]LogD3D11RHI:     Revision    : 00a1
[2022.02.11-11.57.46:779][  0]LogD3D11RHI:     DedicatedVideoMemory : 4186963968 bytes
[2022.02.11-11.57.46:779][  0]LogD3D11RHI:     DedicatedSystemMemory : 0 bytes
[2022.02.11-11.57.46:779][  0]LogD3D11RHI:     SharedSystemMemory : 8421595136 bytes
[2022.02.11-11.57.46:779][  0]LogD3D11RHI:     AdapterLuid : 0 53285
[2022.02.11-11.57.46:845][  0]LogD3D11RHI: RHI has support for 64 bit atomics
[2022.02.11-11.57.46:845][  0]LogD3D11RHI: Async texture creation enabled
[2022.02.11-11.57.46:845][  0]LogD3D11RHI: Array index from any shader is supported
[2022.02.11-11.57.46:857][  0]LogD3D11RHI: GPU Timing Frequency: 1000.000000 (Debug: 2 1)
[2022.02.11-11.57.46:894][  0]LogRHI: GeForceNow SDK initialized: 1
[2022.02.11-11.57.47:197][  0]LogTargetPlatformManager: Display: Loaded TargetPlatform 'AllDesktop'
[2022.02.11-11.57.47:220][  0]LogTargetPlatformManager: Display: Loaded TargetPlatform 'Android'
[2022.02.11-11.57.47:220][  0]LogTargetPlatformManager: Display: Loaded TargetPlatform 'Android_ASTC'
[2022.02.11-11.57.47:220][  0]LogTargetPlatformManager: Display: Loaded TargetPlatform 'Android_DXT'
[2022.02.11-11.57.47:220][  0]LogTargetPlatformManager: Display: Loaded TargetPlatform 'Android_ETC2'
[2022.02.11-11.57.47:220][  0]LogTargetPlatformManager: Display: Loaded TargetPlatform 'AndroidClient'
[2022.02.11-11.57.47:220][  0]LogTargetPlatformManager: Display: Loaded TargetPlatform 'Android_ASTCClient'
[2022.02.11-11.57.47:220][  0]LogTargetPlatformManager: Display: Loaded TargetPlatform 'Android_DXTClient'
[2022.02.11-11.57.47:220][  0]LogTargetPlatformManager: Display: Loaded TargetPlatform 'Android_ETC2Client'
[2022.02.11-11.57.47:220][  0]LogTargetPlatformManager: Display: Loaded TargetPlatform 'Android_Multi'
[2022.02.11-11.57.47:220][  0]LogTargetPlatformManager: Display: Loaded TargetPlatform 'Android_MultiClient'
[2022.02.11-11.57.47:239][  0]LogTargetPlatformManager: Display: Loaded TargetPlatform 'IOSClient'
[2022.02.11-11.57.47:239][  0]LogTargetPlatformManager: Display: Loaded TargetPlatform 'IOS'
[2022.02.11-11.57.47:248][  0]LogTargetPlatformManager: Display: Loaded TargetPlatform 'Linux'
[2022.02.11-11.57.47:253][  0]LogTargetPlatformManager: Display: Loaded TargetPlatform 'LinuxNoEditor'
[2022.02.11-11.57.47:257][  0]LogTargetPlatformManager: Display: Loaded TargetPlatform 'LinuxClient'
[2022.02.11-11.57.47:264][  0]LogTargetPlatformManager: Display: Loaded TargetPlatform 'LinuxServer'
[2022.02.11-11.57.47:272][  0]LogTargetPlatformManager: Display: Loaded TargetPlatform 'LinuxAArch64NoEditor'
[2022.02.11-11.57.47:277][  0]LogTargetPlatformManager: Display: Loaded TargetPlatform 'LinuxAArch64Client'
[2022.02.11-11.57.47:282][  0]LogTargetPlatformManager: Display: Loaded TargetPlatform 'LinuxAArch64Server'
[2022.02.11-11.57.47:305][  0]LogTargetPlatformManager: Display: Loaded TargetPlatform 'Lumin'
[2022.02.11-11.57.47:305][  0]LogTargetPlatformManager: Display: Loaded TargetPlatform 'LuminClient'
[2022.02.11-11.57.47:313][  0]LogTargetPlatformManager: Display: Loaded TargetPlatform 'MacNoEditor'
[2022.02.11-11.57.47:318][  0]LogTargetPlatformManager: Display: Loaded TargetPlatform 'Mac'
[2022.02.11-11.57.47:323][  0]LogTargetPlatformManager: Display: Loaded TargetPlatform 'MacClient'
[2022.02.11-11.57.47:327][  0]LogTargetPlatformManager: Display: Loaded TargetPlatform 'MacServer'
[2022.02.11-11.57.47:337][  0]LogTargetPlatformManager: Display: Loaded TargetPlatform 'TVOSClient'
[2022.02.11-11.57.47:337][  0]LogTargetPlatformManager: Display: Loaded TargetPlatform 'TVOS'
[2022.02.11-11.57.47:346][  0]LogTargetPlatformManager: Display: Loaded TargetPlatform 'WindowsNoEditor'
[2022.02.11-11.57.47:351][  0]LogTargetPlatformManager: Display: Loaded TargetPlatform 'Windows'
[2022.02.11-11.57.47:356][  0]LogTargetPlatformManager: Display: Loaded TargetPlatform 'WindowsClient'
[2022.02.11-11.57.47:361][  0]LogTargetPlatformManager: Display: Loaded TargetPlatform 'WindowsServer'
[2022.02.11-11.57.47:361][  0]LogTargetPlatformManager: Display: Building Assets For Windows
[2022.02.11-11.57.47:371][  0]LogAudioDebug: Display: Lib vorbis DLL was dynamically loaded.
[2022.02.11-11.57.47:406][  0]LogTextureFormatOodle: Display: Oodle Texture 2.9.0 init RDO Off
[2022.02.11-11.57.47:440][  0]LogRendererCore: Ray tracing is disabled. Reason: r.RayTracing=0.
[2022.02.11-11.57.47:440][  0]LogShaderCompilers: Guid format shader working directory is -16 characters bigger than the processId version (../../../../../../자료/Programming/Unreal_Projects/Barrel_Hopper/Intermediate/Shaders/WorkingDirectory/5908/).
[2022.02.11-11.57.47:440][  0]LogShaderCompilers: Cleaned the shader compiler working directory 'C:/Users/ps2_b/AppData/Local/Temp/UnrealShaderWorkingDir/1642B3704C2479F593BC0C9AF4A5E59F/'.
[2022.02.11-11.57.47:440][  0]LogXGEController: Cannot use XGE Controller as Incredibuild is not installed on this machine.
[2022.02.11-11.57.47:440][  0]LogShaderCompilers: Cannot use XGE Shader Compiler as Incredibuild is not installed on this machine.
[2022.02.11-11.57.47:440][  0]LogShaderCompilers: Display: Using Local Shader Compiler.
[2022.02.11-11.57.48:149][  0]LogDerivedDataCache: Display: Max Cache Size: 512 MB
[2022.02.11-11.57.48:199][  0]LogDerivedDataCache: Loaded boot cache 0.05s 94MB C:/Users/ps2_b/AppData/Local/UnrealEngine/4.27/DerivedDataCache/Boot.ddc.
[2022.02.11-11.57.48:199][  0]LogDerivedDataCache: Display: Loaded Boot cache: C:/Users/ps2_b/AppData/Local/UnrealEngine/4.27/DerivedDataCache/Boot.ddc
[2022.02.11-11.57.48:199][  0]LogDerivedDataCache: FDerivedDataBackendGraph:  Pak pak cache file ../../../../../../자료/Programming/Unreal_Projects/Barrel_Hopper/DerivedDataCache/DDC.ddp not found, will not use a pak cache.
[2022.02.11-11.57.48:199][  0]LogDerivedDataCache: Unable to find inner node Pak for hierarchical cache Hierarchy.
[2022.02.11-11.57.48:199][  0]LogDerivedDataCache: FDerivedDataBackendGraph:  CompressedPak pak cache file ../../../../../../자료/Programming/Unreal_Projects/Barrel_Hopper/DerivedDataCache/Compressed.ddp not found, will not use a pak cache.
[2022.02.11-11.57.48:199][  0]LogDerivedDataCache: Unable to find inner node CompressedPak for hierarchical cache Hierarchy.
[2022.02.11-11.57.48:217][  0]LogDerivedDataCache: Display: Pak cache opened for reading ../../../Engine/DerivedDataCache/Compressed.ddp.
[2022.02.11-11.57.48:217][  0]LogDerivedDataCache: FDerivedDataBackendGraph:  EnterprisePak pak cache file ../../../Enterprise/DerivedDataCache/Compressed.ddp not found, will not use a pak cache.
[2022.02.11-11.57.48:217][  0]LogDerivedDataCache: Unable to find inner node EnterprisePak for hierarchical cache Hierarchy.
[2022.02.11-11.57.48:226][  0]LogDerivedDataCache: Speed tests for C:/Users/ps2_b/AppData/Local/UnrealEngine/Common/DerivedDataCache took 0.01 seconds
[2022.02.11-11.57.48:226][  0]LogDerivedDataCache: Display: Performance to C:/Users/ps2_b/AppData/Local/UnrealEngine/Common/DerivedDataCache: Latency=0.02ms. RandomReadSpeed=1051.44MBs, RandomWriteSpeed=123.83MBs. Assigned SpeedClass 'Local'
[2022.02.11-11.57.48:227][  0]LogDerivedDataCache: Using Local data cache path C:/Users/ps2_b/AppData/Local/UnrealEngine/Common/DerivedDataCache: Writable
[2022.02.11-11.57.48:227][  0]LogDerivedDataCache: Shared data cache path not found in *engine.ini, will not use an Shared cache.
[2022.02.11-11.57.48:227][  0]LogDerivedDataCache: Unable to find inner node Shared for hierarchical cache Hierarchy.
[2022.02.11-11.57.48:269][  0]LogSlate: Using FreeType 2.10.0
[2022.02.11-11.57.48:270][  0]LogSlate: SlateFontServices - WITH_FREETYPE: 1, WITH_HARFBUZZ: 1
[2022.02.11-11.57.48:291][  0]LogAssetRegistry: FAssetRegistry took 0.0023 seconds to start up
[2022.02.11-11.57.48:507][  0]LogInit: Selected Device Profile: [Windows]
[2022.02.11-11.57.48:507][  0]LogInit: Active device profile: [000001A19262C700][000001A188F753C0 49] Windows
[2022.02.11-11.57.48:507][  0]LogInit: Profiles: [000001A19262C700][000001A188F753C0 49] Windows, [000001A1925E7700][000001A18B39B540 49] WindowsNoEditor, [000001A19262F300][000001A18B39F6C0 49] WindowsServer, [000001A1925E4F00][000001A18B3A3840 49] WindowsClient, [000001A19262F500][000001A1935F79C0 49] IOS, [000001A1925AFF00][000001A1935FBB40 49] iPadAir, [000001A1925E7B00][000001A18BAC2140 49] iPadAir2, [000001A192554500][000001A18BAD2400 49] IPadPro, [000001A192554600][000001A193928440 49] iPadAir3, [000001A1925AC100][000001A18BAD65C0 49] iPadAir4, [000001A192556C00][000001A18BADA740 49] iPadMini2, [000001A1925AE500][000001A19202C8C0 49] iPadMini3, [000001A192557400][000001A18B396A00 49] iPadMini4, [000001A1925ACF00][000001A192030B40 49] iPadMini5, [000001A192553E00][000001A193C90D80 49] iPhone6, [000001A192553F00][000001A192034DC0 49] iPodTouch6, [000001A19262F900][000001A193C9D080 49] iPhone7, [000001A19262E100][000001A193C990C0 49] iPodTouch7, [000001A192550400][000001A191FCD240 49] iPhone5S, [000001A192557D00][000001A191FD13C0 49] iPhone6Plus, [000001A19262F400][000001A193D11540 49] iPhone6S, [000001A192556000][000001A193D156C0 49] iPhone6SPlus, [000001A19262C900][000001A192011840 49] iPhone7Plus, [000001A192554E00][000001A1920159C0 49] iPhoneSE, [000001A19262C200][000001A192019B40 49] iPhone8, [000001A192556400][000001A193D18140 49] iPhone8Plus, [000001A19262DE00][000001A193D202C0 49] iPhoneX, [000001A192557E00][000001A193D24440 49] iPhoneXS, [000001A19262D600][000001A188EC25C0 49] iPhoneXSMax, [000001A192556500][000001A188EC6740 49] iPhoneXR, [000001A19262EA00][000001A188ECA8C0 49] iPhone11, [000001A192557A00][000001A193D28A40 49] iPhone11Pro, [000001A19262CF00][000001A193C94B80 49] iPhone11ProMax, [000001A192556300][000001A193D1CCC0 49] iPhoneSE2, [000001A19262E700][000001A188EBEE00 49] iPhone12Mini, [000001A192554700][000001A193D38F40 49] iPhone12, [000001A19262F100][000001A18BAB90C0 49] iPhone12Pro, [000001A192557500][000001A18BABD240 49] iPhone12ProMax, [000001A19262C800][000001A19359F3C0 49] iPadPro105, [000001A192555C00][000001A188F69540 49] iPadPro129, [000001A19262C300][000001A19392D6C0 49] iPadPro97, [000001A192555D00][000001A188F65840 49] iPadPro2_129, [000001A19262CC00][000001A1935A39C0 49] iPad5, [000001A192557000][000001A1935A7B40 49] iPad6, [000001A19262EC00][000001A1935AA140 49] iPad7, [000001A192556E00][000001A1935AE2C0 49] iPad8, [000001A19262D800][000001A1935B2440 49] iPadPro11, [000001A192555B00][000001A1935B65C0 49] iPadPro2_11, [000001A19262D500][000001A1935BA740 49] iPadPro3_129, [000001A192556700][000001A1935BE8C0 49] iPadPro4_129, [000001A19262C100][000001A1935C2A40 49] AppleTV, [000001A192556B00][000001A18B352BC0 49] AppleTV4K, [000001A19262DB00][000001A18B356D40 49] TVOS, [000001A192554900][000001A193D3CE80 49] Mac, [000001A19262D700][000001A18B35AFC0 49] MacClient, [000001A192556F00][000001A18B35F100 49] MacNoEditor, [000001A19262CD00][000001A18B367280 49] MacServer, [000001A192554300][000001A18B36B400 49] Linux, [000001A19262EE00][000001A18B36F580 49] LinuxAArch64, [000001A192555500][000001A18B373700 49] LinuxNoEditor, [000001A19262E400][000001A18B377880 49] LinuxAArch64NoEditor, [000001A192554200][000001A189039A00 49] LinuxClient, [000001A19262ED00][000001A18903DB80 49] LinuxAArch64Client, [000001A192554C00][000001A189040180 49] LinuxServer, [000001A19262C400][000001A189044300 49] LinuxAArch64Server, [000001A192555000][000001A189048480 49] Android, [000001A1925AF900][000001A18904C600 49] Android_Low, [000001A192551B00][000001A189050780 49] Android_Mid, [000001A1925AF000][000001A189054900 49] Android_High, [000001A192552300][000001A189058A80 49] Android_Default, [000001A1925AE000][000001A18905CC00 49] Android_Adreno4xx, [000001A192550100][000001A189060D80 49] Android_Adreno5xx_Low, [000001A1925ACB00][000001A189064F00 49] Android_Adreno5xx, [000001A192551800][000001A18B363040 49] Android_Adreno6xx, [000001A1925AD100][000001A1938F1180 49] Android_Adreno6xx_Vulkan, [000001A192550800][000001A1938F52C0 49] Android_Mali_T6xx, [000001A1925AF600][000001A1938FD440 49] Android_Mali_T7xx, [000001A192550D00][000001A1939015C0 49] Android_Mali_T8xx, [000001A1925AFC00][000001A193905740 49] Android_Mali_G71, [000001A192551500][000001A1939098C0 49] Android_Mali_G72, [000001A1925AFE00][000001A19390DA40 49] Android_Mali_G72_Vulkan, [000001A192553D00][000001A193911BC0 49] Android_Mali_G76, [000001A1925AFA00][000001A1939141C0 49] Android_Mali_G76_Vulkan, [000001A192553600][000001A193918340 49] Android_Mali_G77, [000001A1925AE200][000001A19391C4C0 49] Android_Mali_G77_Vulkan, [000001A192551200][000001A193920640 49] Android_Mali_G78, [000001A1925ACA00][000001A1939247C0 49] Android_Mali_G78_Vulkan, [000001A192553000][000001A193CA0940 49] Android_Mali_G710, [000001A1925AD400][000001A193CA4AC0 49] Android_Mali_G710_Vulkan, [000001A192550700][000001A193CA8C40 49] Android_Vulkan_SM5, [000001A1925AD800][000001A193CACDC0 49] Android_PowerVR_G6xxx, [000001A192550E00][000001A193CB0F40 49] Android_PowerVR_GT7xxx, [000001A1925AC200][000001A193CB50C0 49] Android_PowerVR_GE8xxx, [000001A192550600][000001A1938F9200 49] Android_PowerVR_GM9xxx, [000001A1925AE600][000001A193CB9340 49] Android_PowerVR_GM9xxx_Vulkan, [000001A192554F00][000001A193CBD480 49] Android_TegraK1, [000001A1925AEA00][000001A193CC15C0 49] Android_Unknown_Vulkan, [000001A192554D00][000001A193CC9740 49] Lumin, [000001A1925AD200][000001A193CCD8C0 49] Lumin_Desktop, [000001A192554B00][000001A193CD1A40 49] HoloLens, 
[2022.02.11-11.57.48:630][  0]LogMeshReduction: Using QuadricMeshReduction for automatic static mesh reduction
[2022.02.11-11.57.48:630][  0]LogMeshReduction: Using SimplygonMeshReduction for automatic skeletal mesh reduction
[2022.02.11-11.57.48:630][  0]LogMeshReduction: Using ProxyLODMeshReduction for automatic mesh merging
[2022.02.11-11.57.48:630][  0]LogMeshReduction: No distributed automatic mesh merging module available
[2022.02.11-11.57.48:630][  0]LogMeshMerging: No distributed automatic mesh merging module available
[2022.02.11-11.57.48:643][  0]LogNetVersion: Barrel_Hopper 1.0.0, NetCL: 17155196, EngineNetVer: 17, GameNetVer: 0 (Checksum: 996600397)
[2022.02.11-11.57.49:006][  0]LogTexture: Default maximum texture size for cubemaps generated from long-lat sources has been changed from 512 to unlimited. In order to preserve old behaiour for '/Engine/MapTemplates/Sky/DaylightAmbientCubemap.DaylightAmbientCubemap', its maximum texture size has been explicitly set to 512.
[2022.02.11-11.57.49:056][  0]LogHMD: PokeAHoleMaterial loaded successfully
[2022.02.11-11.57.49:061][  0]LogUObjectArray: 17178 objects as part of root set at end of initial load.
[2022.02.11-11.57.49:061][  0]LogUObjectAllocator: 4302048 out of 0 bytes used by permanent object pool.
[2022.02.11-11.57.49:061][  0]LogUObjectArray: CloseDisregardForGC: 0/0 objects in disregard for GC pool
[2022.02.11-11.57.49:433][  0]LogPython: Using Python 3.7.7
[2022.02.11-11.57.49:868][  0]LogNiagaraDebuggerClient: Niagara Debugger Client Initialized | Session: DC5FA5F7412404071206A58CCDC4C012 | Instance: 26D50822477B1A7B19B270AC70B9C970 (수용-비보북프로-5908).
[2022.02.11-11.57.49:918][  0]LogTcpMessaging: Initializing TcpMessaging bridge
[2022.02.11-11.57.49:923][  0]LogUdpMessaging: Initializing bridge on interface 0.0.0.0:0 to multicast group 230.0.0.1:6666.
[2022.02.11-11.57.50:086][  0]SourceControl: Source control is disabled
[2022.02.11-11.57.50:086][  0]SourceControl: Source control is disabled
[2022.02.11-11.57.50:089][  0]SourceControl: Source control is disabled
[2022.02.11-11.57.50:093][  0]SourceControl: Source control is disabled
[2022.02.11-11.57.50:104][  0]SourceControl: Source control is disabled
[2022.02.11-11.57.50:131][  0]LogUProjectInfo: Found projects:
[2022.02.11-11.57.50:373][  0]LogOpenImageDenoise: OIDN starting up
[2022.02.11-11.57.50:393][  0]LogAndroidPermission: UAndroidPermissionCallbackProxy::GetInstance
[2022.02.11-11.57.50:418][  0]LogAudioCaptureCore: Display: No Audio Capture implementations found. Audio input will be silent.
[2022.02.11-11.57.50:418][  0]LogAudioCaptureCore: Display: No Audio Capture implementations found. Audio input will be silent.
[2022.02.11-11.57.50:537][  0]LogCollectionManager: Loaded 0 collections in 0.001228 seconds
[2022.02.11-11.57.50:560][  0]LogFileCache: Scanning file cache for directory 'C:/자료/Programming/Unreal_Projects/Barrel_Hopper/Saved/Collections/' took 0.00s
[2022.02.11-11.57.50:560][  0]LogFileCache: Scanning file cache for directory 'C:/자료/Programming/Unreal_Projects/Barrel_Hopper/Content/Developers/ps2b/Collections/' took 0.00s
[2022.02.11-11.57.50:560][  0]LogFileCache: Scanning file cache for directory 'C:/자료/Programming/Unreal_Projects/Barrel_Hopper/Content/Collections/' took 0.00s
[2022.02.11-11.57.50:560][  0]LogOcInput: OculusInput pre-init called
[2022.02.11-11.57.50:793][  0]LogEngine: Initializing Engine...
[2022.02.11-11.57.50:829][  0]LogHMD: Failed to enumerate extensions. Please check that you have a valid OpenXR runtime installed.
[2022.02.11-11.57.50:830][  0]LogHMD: Failed to initialize OpenVR with code 110
[2022.02.11-11.57.50:830][  0]LogMagicLeap: Warning: VR disabled because ZI is not enabled.  To enable, in the editor, Edit -> Project Settings -> Plugins -> Magic Leap Plugin -> Enable Zero Iteration
[2022.02.11-11.57.50:831][  0]LogStats: UGameplayTagsManager::InitializeManager -  0.000 s
[2022.02.11-11.57.50:937][  0]LogInit: Initializing FReadOnlyCVARCache
[2022.02.11-11.57.50:946][  0]LogAIModule: Creating AISystem for world Untitled
[2022.02.11-11.57.50:953][  0]LogAudio: Display: Initializing Audio Device Manager...
[2022.02.11-11.57.50:957][  0]LogAudio: Display: Loading Default Audio Settings Objects...
[2022.02.11-11.57.50:957][  0]LogAudio: Display: No default SoundConcurrencyObject specified (or failed to load).
[2022.02.11-11.57.50:958][  0]LogAudio: Display: Audio Device Manager Initialized
[2022.02.11-11.57.50:958][  0]LogAudio: Display: Creating Audio Device:                 Id: 1, Scope: Shared, Realtime: True
[2022.02.11-11.57.50:958][  0]LogAudioMixer: Display: Audio Mixer Platform Settings:
[2022.02.11-11.57.50:958][  0]LogAudioMixer: Display: 	Sample Rate:						  48000
[2022.02.11-11.57.50:958][  0]LogAudioMixer: Display: 	Callback Buffer Frame Size Requested: 1024
[2022.02.11-11.57.50:958][  0]LogAudioMixer: Display: 	Callback Buffer Frame Size To Use:	  1024
[2022.02.11-11.57.50:958][  0]LogAudioMixer: Display: 	Number of buffers to queue:			  2
[2022.02.11-11.57.50:958][  0]LogAudioMixer: Display: 	Max Channels (voices):				  32
[2022.02.11-11.57.50:958][  0]LogAudioMixer: Display: 	Number of Async Source Workers:		  0
[2022.02.11-11.57.50:958][  0]LogAudio: Display: AudioDevice MaxSources: 32
[2022.02.11-11.57.50:958][  0]LogAudio: Display: Audio Spatialization Plugin: None (built-in).
[2022.02.11-11.57.50:958][  0]LogAudio: Display: Audio Reverb Plugin: None (built-in).
[2022.02.11-11.57.50:958][  0]LogAudio: Display: Audio Occlusion Plugin: None (built-in).
[2022.02.11-11.57.50:958][  0]LogAudioMixer: Display: Initializing audio mixer.
[2022.02.11-11.57.50:967][  0]LogAudioMixer: Display: 0: FrontLeft
[2022.02.11-11.57.50:967][  0]LogAudioMixer: Display: 1: FrontRight
[2022.02.11-11.57.51:262][  0]LogAudioMixer: Display: Using Audio Device 스피커 (Realtek(R) Audio)
[2022.02.11-11.57.51:264][  0]LogAudioMixer: Display: Initializing Sound Submixes...
[2022.02.11-11.57.51:266][  0]LogAudioMixer: Display: Creating Master Submix 'MasterSubmixDefault'
[2022.02.11-11.57.51:266][  0]LogAudioMixer: Display: Creating Master Submix 'MasterReverbSubmixDefault'
[2022.02.11-11.57.51:267][  0]LogAudioMixer: Display: Creating Master Submix 'MasterEQSubmixDefault'
[2022.02.11-11.57.51:267][  0]LogAudioMixer: FMixerPlatformXAudio2::StartAudioStream() called
[2022.02.11-11.57.51:267][  0]LogAudioMixer: Display: Output buffers initialized: Frames=1024, Channels=2, Samples=2048
[2022.02.11-11.57.51:269][  0]LogAudioMixer: Display: Starting AudioMixerPlatformInterface::RunInternal()
[2022.02.11-11.57.51:269][  0]LogAudioMixer: Display: FMixerPlatformXAudio2::SubmitBuffer() called for the first time
[2022.02.11-11.57.51:269][  0]LogInit: FAudioDevice initialized.
[2022.02.11-11.57.51:269][  0]LogAudio: Display: Audio Device (ID: 1) registered with world 'Untitled'.
[2022.02.11-11.57.51:269][  0]LogNetVersion: Set ProjectVersion to 1.0.0.0. Version Checksum will be recalculated on next use.
[2022.02.11-11.57.51:315][  0]LogDerivedDataCache: Saved boot cache 0.05s 94MB C:/Users/ps2_b/AppData/Local/UnrealEngine/4.27/DerivedDataCache/Boot.ddc.
[2022.02.11-11.57.51:317][  0]LogInit: Texture streaming: Enabled
[2022.02.11-11.57.51:331][  0]LogAnalytics: Display: [UEEditor.Rocket.Release] APIServer = https://datarouter.ol.epicgames.com/. AppVersion = 4.27.2-18319896+++UE4+Release-4.27
[2022.02.11-11.57.51:334][  0]LogEngineSessionManager: EngineSessionManager initialized
[2022.02.11-11.57.51:334][  0]LogEditorSessionSummary: Verbose: Initializing EditorSessionSummaryWriter for editor session tracking
[2022.02.11-11.57.51:336][  0]LogEditorSessionSummary: EditorSessionSummaryWriter initialized
[2022.02.11-11.57.51:362][  0]LogInit: Transaction tracking system initialized
[2022.02.11-11.57.51:386][  0]BlueprintLog: New page: Editor Load
[2022.02.11-11.57.51:453][  0]LocalizationService: Localization service is disabled
[2022.02.11-11.57.51:483][  0]TimingProfiler: Initialize
[2022.02.11-11.57.51:483][  0]TimingProfiler: OnSessionChanged
[2022.02.11-11.57.51:483][  0]LoadingProfiler: Initialize
[2022.02.11-11.57.51:483][  0]LoadingProfiler: OnSessionChanged
[2022.02.11-11.57.51:483][  0]NetworkingProfiler: Initialize
[2022.02.11-11.57.51:483][  0]NetworkingProfiler: OnSessionChanged
[2022.02.11-11.57.51:483][  0]MemoryProfiler: Initialize
[2022.02.11-11.57.51:483][  0]MemoryProfiler: OnSessionChanged
[2022.02.11-11.57.51:641][  0]LogCook: Display: CookSettings for Memory: MemoryMaxUsedVirtual 0MiB, MemoryMaxUsedPhysical 16384MiB, MemoryMinFreeVirtual 0MiB, MemoryMinFreePhysical 1024MiB
[2022.02.11-11.57.51:641][  0]LogCook: Display: Mobile HDR setting 1
[2022.02.11-11.57.51:866][  0]LogFileCache: Scanning file cache for directory 'C:/자료/Programming/Unreal_Projects/Barrel_Hopper/Content/' took 0.01s
[2022.02.11-11.57.52:042][  0]LogInit: Display: Engine is initialized. Leaving FEngineLoop::Init()
[2022.02.11-11.57.52:045][  0]SourceControl: Source control is disabled
[2022.02.11-11.57.52:045][  0]LogUnrealEdMisc: Loading editor; pre map load, took 6.939
[2022.02.11-11.57.52:045][  0]Cmd: MAP LOAD FILE="../../../../../../자료/Programming/Unreal_Projects/Barrel_Hopper/Content/StarterContent/Maps/Minimal_Default.umap" TEMPLATE=0 SHOWPROGRESS=1 FEATURELEVEL=3
[2022.02.11-11.57.52:051][  0]LightingResults: New page: Lighting Build
[2022.02.11-11.57.52:052][  0]LogWorld: UWorld::CleanupWorld for Untitled, bSessionEnded=true, bCleanupResources=true
[2022.02.11-11.57.52:052][  0]LogSlate: InvalidateAllWidgets triggered.  All widgets were invalidated
[2022.02.11-11.57.52:052][  0]MapCheck: New page: Map Check
[2022.02.11-11.57.52:052][  0]LightingResults: New page: Lighting Build
[2022.02.11-11.57.52:056][  0]LogAudio: Display: Audio Device unregistered from world 'None'.
[2022.02.11-11.57.52:059][  0]LogUObjectHash: Compacting FUObjectHashTables data took   0.63ms
[2022.02.11-11.57.52:284][  0]LogAudio: Display: Audio Device (ID: 1) registered with world 'Minimal_Default'.
[2022.02.11-11.57.52:285][  0]LogAIModule: Creating AISystem for world Minimal_Default
[2022.02.11-11.57.52:296][  0]LogEditorServer: Finished looking for orphan Actors (0.000 secs)
[2022.02.11-11.57.52:303][  0]LogUObjectHash: Compacting FUObjectHashTables data took   0.63ms
[2022.02.11-11.57.52:303][  0]Cmd: MAP CHECKDEP NOCLEARLOG
[2022.02.11-11.57.52:303][  0]MapCheck: Map check complete: 0 Error(s), 0 Warning(s), took 0.157ms to complete.
[2022.02.11-11.57.52:303][  0]LogFileHelpers: Loading map 'Minimal_Default' took 0.258
[2022.02.11-11.57.52:305][  0]LogUnrealEdMisc: Total Editor Startup Time, took 7.198
[2022.02.11-11.57.52:450][  0]LogSlate: Updating window title bar state: overlay mode, drag disabled, window buttons hidden, title bar hidden
[2022.02.11-11.57.52:456][  0]LogSlate: Updating window title bar state: overlay mode, drag disabled, window buttons hidden, title bar hidden
[2022.02.11-11.57.52:460][  0]LogSlate: Updating window title bar state: overlay mode, drag disabled, window buttons hidden, title bar hidden
[2022.02.11-11.57.52:466][  0]LogSlate: Updating window title bar state: overlay mode, drag disabled, window buttons hidden, title bar hidden
[2022.02.11-11.57.52:495][  0]LogNativeClassHierarchy: Verbose: Native class hierarchy populated in 0.0077 seconds. Added 3822 classes and 928 folders.
[2022.02.11-11.57.52:499][  0]LogNativeClassHierarchy: Verbose: Native class hierarchy updated for 'WidgetCarousel' in 0.0002 seconds. Added 0 classes and 0 folders.
[2022.02.11-11.57.52:515][  0]LogPakFile: PakFile PrimaryIndexSize=187
[2022.02.11-11.57.52:515][  0]LogPakFile: PakFile PathHashIndexSize=101
[2022.02.11-11.57.52:515][  0]LogPakFile: PakFile FullDirectoryIndexSize=148
[2022.02.11-11.57.52:516][  0]LogShaderLibrary: Display: ShaderCodeLibraryPakFileMountedCallback: PakFile 'C:/Program Files/Epic Games/UE_4.27/FeaturePacks/FP_FirstPerson.upack' (chunk index -1, root 'root:/') mounted
[2022.02.11-11.57.52:516][  0]LogShaderLibrary: Display: ShaderCodeLibraryPakFileMountedCallback: pending pak file info (ChunkID:-1 Root:root:/ File:C:/Program Files/Epic Games/UE_4.27/FeaturePacks/FP_FirstPerson.upack)
[2022.02.11-11.57.52:516][  0]LogPakFile: OnPakFileMounted2Time == 0.000296
[2022.02.11-11.57.52:524][  0]LogPakFile: PakFile PrimaryIndexSize=189
[2022.02.11-11.57.52:524][  0]LogPakFile: PakFile PathHashIndexSize=101
[2022.02.11-11.57.52:524][  0]LogPakFile: PakFile FullDirectoryIndexSize=152
[2022.02.11-11.57.52:524][  0]LogShaderLibrary: Display: ShaderCodeLibraryPakFileMountedCallback: PakFile 'C:/Program Files/Epic Games/UE_4.27/FeaturePacks/FP_FirstPersonBP.upack' (chunk index -1, root 'root:/') mounted
[2022.02.11-11.57.52:524][  0]LogShaderLibrary: Display: ShaderCodeLibraryPakFileMountedCallback: pending pak file info (ChunkID:-1 Root:root:/ File:C:/Program Files/Epic Games/UE_4.27/FeaturePacks/FP_FirstPersonBP.upack)
[2022.02.11-11.57.52:524][  0]LogPakFile: OnPakFileMounted2Time == 0.000039
[2022.02.11-11.57.52:529][  0]LogPakFile: PakFile PrimaryIndexSize=191
[2022.02.11-11.57.52:530][  0]LogPakFile: PakFile PathHashIndexSize=101
[2022.02.11-11.57.52:530][  0]LogPakFile: PakFile FullDirectoryIndexSize=160
[2022.02.11-11.57.52:530][  0]LogShaderLibrary: Display: ShaderCodeLibraryPakFileMountedCallback: PakFile 'C:/Program Files/Epic Games/UE_4.27/FeaturePacks/MobileStarterContent.upack' (chunk index -1, root 'root:/') mounted
[2022.02.11-11.57.52:530][  0]LogShaderLibrary: Display: ShaderCodeLibraryPakFileMountedCallback: pending pak file info (ChunkID:-1 Root:root:/ File:C:/Program Files/Epic Games/UE_4.27/FeaturePacks/MobileStarterContent.upack)
[2022.02.11-11.57.52:530][  0]LogPakFile: OnPakFileMounted2Time == 0.000036
[2022.02.11-11.57.52:536][  0]LogPakFile: PakFile PrimaryIndexSize=185
[2022.02.11-11.57.52:536][  0]LogPakFile: PakFile PathHashIndexSize=101
[2022.02.11-11.57.52:536][  0]LogPakFile: PakFile FullDirectoryIndexSize=148
[2022.02.11-11.57.52:536][  0]LogShaderLibrary: Display: ShaderCodeLibraryPakFileMountedCallback: PakFile 'C:/Program Files/Epic Games/UE_4.27/FeaturePacks/StarterContent.upack' (chunk index -1, root 'root:/') mounted
[2022.02.11-11.57.52:536][  0]LogShaderLibrary: Display: ShaderCodeLibraryPakFileMountedCallback: pending pak file info (ChunkID:-1 Root:root:/ File:C:/Program Files/Epic Games/UE_4.27/FeaturePacks/StarterContent.upack)
[2022.02.11-11.57.52:536][  0]LogPakFile: OnPakFileMounted2Time == 0.000038
[2022.02.11-11.57.52:543][  0]LogPakFile: PakFile PrimaryIndexSize=190
[2022.02.11-11.57.52:543][  0]LogPakFile: PakFile PathHashIndexSize=101
[2022.02.11-11.57.52:543][  0]LogPakFile: PakFile FullDirectoryIndexSize=154
[2022.02.11-11.57.52:543][  0]LogShaderLibrary: Display: ShaderCodeLibraryPakFileMountedCallback: PakFile 'C:/Program Files/Epic Games/UE_4.27/FeaturePacks/TP_2DSideScroller.upack' (chunk index -1, root 'root:/') mounted
[2022.02.11-11.57.52:543][  0]LogShaderLibrary: Display: ShaderCodeLibraryPakFileMountedCallback: pending pak file info (ChunkID:-1 Root:root:/ File:C:/Program Files/Epic Games/UE_4.27/FeaturePacks/TP_2DSideScroller.upack)
[2022.02.11-11.57.52:543][  0]LogPakFile: OnPakFileMounted2Time == 0.000042
[2022.02.11-11.57.52:549][  0]LogPakFile: PakFile PrimaryIndexSize=192
[2022.02.11-11.57.52:549][  0]LogPakFile: PakFile PathHashIndexSize=101
[2022.02.11-11.57.52:549][  0]LogPakFile: PakFile FullDirectoryIndexSize=158
[2022.02.11-11.57.52:549][  0]LogShaderLibrary: Display: ShaderCodeLibraryPakFileMountedCallback: PakFile 'C:/Program Files/Epic Games/UE_4.27/FeaturePacks/TP_2DSideScrollerBP.upack' (chunk index -1, root 'root:/') mounted
[2022.02.11-11.57.52:549][  0]LogShaderLibrary: Display: ShaderCodeLibraryPakFileMountedCallback: pending pak file info (ChunkID:-1 Root:root:/ File:C:/Program Files/Epic Games/UE_4.27/FeaturePacks/TP_2DSideScrollerBP.upack)
[2022.02.11-11.57.52:549][  0]LogPakFile: OnPakFileMounted2Time == 0.000036
[2022.02.11-11.57.52:554][  0]LogPakFile: PakFile PrimaryIndexSize=182
[2022.02.11-11.57.52:554][  0]LogPakFile: PakFile PathHashIndexSize=101
[2022.02.11-11.57.52:554][  0]LogPakFile: PakFile FullDirectoryIndexSize=138
[2022.02.11-11.57.52:554][  0]LogShaderLibrary: Display: ShaderCodeLibraryPakFileMountedCallback: PakFile 'C:/Program Files/Epic Games/UE_4.27/FeaturePacks/TP_Flying.upack' (chunk index -1, root 'root:/') mounted
[2022.02.11-11.57.52:554][  0]LogShaderLibrary: Display: ShaderCodeLibraryPakFileMountedCallback: pending pak file info (ChunkID:-1 Root:root:/ File:C:/Program Files/Epic Games/UE_4.27/FeaturePacks/TP_Flying.upack)
[2022.02.11-11.57.52:554][  0]LogPakFile: OnPakFileMounted2Time == 0.000039
[2022.02.11-11.57.52:560][  0]LogPakFile: PakFile PrimaryIndexSize=184
[2022.02.11-11.57.52:560][  0]LogPakFile: PakFile PathHashIndexSize=101
[2022.02.11-11.57.52:560][  0]LogPakFile: PakFile FullDirectoryIndexSize=142
[2022.02.11-11.57.52:560][  0]LogShaderLibrary: Display: ShaderCodeLibraryPakFileMountedCallback: PakFile 'C:/Program Files/Epic Games/UE_4.27/FeaturePacks/TP_FlyingBP.upack' (chunk index -1, root 'root:/') mounted
[2022.02.11-11.57.52:561][  0]LogShaderLibrary: Display: ShaderCodeLibraryPakFileMountedCallback: pending pak file info (ChunkID:-1 Root:root:/ File:C:/Program Files/Epic Games/UE_4.27/FeaturePacks/TP_FlyingBP.upack)
[2022.02.11-11.57.52:561][  0]LogPakFile: OnPakFileMounted2Time == 0.000047
[2022.02.11-11.57.52:567][  0]LogPakFile: PakFile PrimaryIndexSize=188
[2022.02.11-11.57.52:567][  0]LogPakFile: PakFile PathHashIndexSize=101
[2022.02.11-11.57.52:567][  0]LogPakFile: PakFile FullDirectoryIndexSize=150
[2022.02.11-11.57.52:567][  0]LogShaderLibrary: Display: ShaderCodeLibraryPakFileMountedCallback: PakFile 'C:/Program Files/Epic Games/UE_4.27/FeaturePacks/TP_HandheldARBP.upack' (chunk index -1, root 'root:/') mounted
[2022.02.11-11.57.52:567][  0]LogShaderLibrary: Display: ShaderCodeLibraryPakFileMountedCallback: pending pak file info (ChunkID:-1 Root:root:/ File:C:/Program Files/Epic Games/UE_4.27/FeaturePacks/TP_HandheldARBP.upack)
[2022.02.11-11.57.52:567][  0]LogPakFile: OnPakFileMounted2Time == 0.000036
[2022.02.11-11.57.52:574][  0]LogPakFile: PakFile PrimaryIndexSize=182
[2022.02.11-11.57.52:574][  0]LogPakFile: PakFile PathHashIndexSize=101
[2022.02.11-11.57.52:574][  0]LogPakFile: PakFile FullDirectoryIndexSize=138
[2022.02.11-11.57.52:574][  0]LogShaderLibrary: Display: ShaderCodeLibraryPakFileMountedCallback: PakFile 'C:/Program Files/Epic Games/UE_4.27/FeaturePacks/TP_Puzzle.upack' (chunk index -1, root 'root:/') mounted
[2022.02.11-11.57.52:574][  0]LogShaderLibrary: Display: ShaderCodeLibraryPakFileMountedCallback: pending pak file info (ChunkID:-1 Root:root:/ File:C:/Program Files/Epic Games/UE_4.27/FeaturePacks/TP_Puzzle.upack)
[2022.02.11-11.57.52:574][  0]LogPakFile: OnPakFileMounted2Time == 0.000038
[2022.02.11-11.57.52:580][  0]LogPakFile: PakFile PrimaryIndexSize=184
[2022.02.11-11.57.52:580][  0]LogPakFile: PakFile PathHashIndexSize=101
[2022.02.11-11.57.52:580][  0]LogPakFile: PakFile FullDirectoryIndexSize=142
[2022.02.11-11.57.52:580][  0]LogShaderLibrary: Display: ShaderCodeLibraryPakFileMountedCallback: PakFile 'C:/Program Files/Epic Games/UE_4.27/FeaturePacks/TP_PuzzleBP.upack' (chunk index -1, root 'root:/') mounted
[2022.02.11-11.57.52:580][  0]LogShaderLibrary: Display: ShaderCodeLibraryPakFileMountedCallback: pending pak file info (ChunkID:-1 Root:root:/ File:C:/Program Files/Epic Games/UE_4.27/FeaturePacks/TP_PuzzleBP.upack)
[2022.02.11-11.57.52:580][  0]LogPakFile: OnPakFileMounted2Time == 0.000040
[2022.02.11-11.57.52:588][  0]LogPakFile: PakFile PrimaryIndexSize=183
[2022.02.11-11.57.52:588][  0]LogPakFile: PakFile PathHashIndexSize=101
[2022.02.11-11.57.52:588][  0]LogPakFile: PakFile FullDirectoryIndexSize=140
[2022.02.11-11.57.52:588][  0]LogShaderLibrary: Display: ShaderCodeLibraryPakFileMountedCallback: PakFile 'C:/Program Files/Epic Games/UE_4.27/FeaturePacks/TP_Rolling.upack' (chunk index -1, root 'root:/') mounted
[2022.02.11-11.57.52:588][  0]LogShaderLibrary: Display: ShaderCodeLibraryPakFileMountedCallback: pending pak file info (ChunkID:-1 Root:root:/ File:C:/Program Files/Epic Games/UE_4.27/FeaturePacks/TP_Rolling.upack)
[2022.02.11-11.57.52:588][  0]LogPakFile: OnPakFileMounted2Time == 0.000038
[2022.02.11-11.57.52:594][  0]LogPakFile: PakFile PrimaryIndexSize=185
[2022.02.11-11.57.52:594][  0]LogPakFile: PakFile PathHashIndexSize=101
[2022.02.11-11.57.52:594][  0]LogPakFile: PakFile FullDirectoryIndexSize=144
[2022.02.11-11.57.52:594][  0]LogShaderLibrary: Display: ShaderCodeLibraryPakFileMountedCallback: PakFile 'C:/Program Files/Epic Games/UE_4.27/FeaturePacks/TP_RollingBP.upack' (chunk index -1, root 'root:/') mounted
[2022.02.11-11.57.52:594][  0]LogShaderLibrary: Display: ShaderCodeLibraryPakFileMountedCallback: pending pak file info (ChunkID:-1 Root:root:/ File:C:/Program Files/Epic Games/UE_4.27/FeaturePacks/TP_RollingBP.upack)
[2022.02.11-11.57.52:594][  0]LogPakFile: OnPakFileMounted2Time == 0.000036
[2022.02.11-11.57.52:600][  0]LogPakFile: PakFile PrimaryIndexSize=188
[2022.02.11-11.57.52:600][  0]LogPakFile: PakFile PathHashIndexSize=101
[2022.02.11-11.57.52:600][  0]LogPakFile: PakFile FullDirectoryIndexSize=150
[2022.02.11-11.57.52:600][  0]LogShaderLibrary: Display: ShaderCodeLibraryPakFileMountedCallback: PakFile 'C:/Program Files/Epic Games/UE_4.27/FeaturePacks/TP_SideScroller.upack' (chunk index -1, root 'root:/') mounted
[2022.02.11-11.57.52:600][  0]LogShaderLibrary: Display: ShaderCodeLibraryPakFileMountedCallback: pending pak file info (ChunkID:-1 Root:root:/ File:C:/Program Files/Epic Games/UE_4.27/FeaturePacks/TP_SideScroller.upack)
[2022.02.11-11.57.52:600][  0]LogPakFile: OnPakFileMounted2Time == 0.000050
[2022.02.11-11.57.52:605][  0]LogPakFile: PakFile PrimaryIndexSize=190
[2022.02.11-11.57.52:605][  0]LogPakFile: PakFile PathHashIndexSize=101
[2022.02.11-11.57.52:605][  0]LogPakFile: PakFile FullDirectoryIndexSize=154
[2022.02.11-11.57.52:605][  0]LogShaderLibrary: Display: ShaderCodeLibraryPakFileMountedCallback: PakFile 'C:/Program Files/Epic Games/UE_4.27/FeaturePacks/TP_SideScrollerBP.upack' (chunk index -1, root 'root:/') mounted
[2022.02.11-11.57.52:605][  0]LogShaderLibrary: Display: ShaderCodeLibraryPakFileMountedCallback: pending pak file info (ChunkID:-1 Root:root:/ File:C:/Program Files/Epic Games/UE_4.27/FeaturePacks/TP_SideScrollerBP.upack)
[2022.02.11-11.57.52:605][  0]LogPakFile: OnPakFileMounted2Time == 0.000035
[2022.02.11-11.57.52:611][  0]LogPakFile: PakFile PrimaryIndexSize=187
[2022.02.11-11.57.52:611][  0]LogPakFile: PakFile PathHashIndexSize=101
[2022.02.11-11.57.52:611][  0]LogPakFile: PakFile FullDirectoryIndexSize=148
[2022.02.11-11.57.52:611][  0]LogShaderLibrary: Display: ShaderCodeLibraryPakFileMountedCallback: PakFile 'C:/Program Files/Epic Games/UE_4.27/FeaturePacks/TP_ThirdPerson.upack' (chunk index -1, root 'root:/') mounted
[2022.02.11-11.57.52:611][  0]LogShaderLibrary: Display: ShaderCodeLibraryPakFileMountedCallback: pending pak file info (ChunkID:-1 Root:root:/ File:C:/Program Files/Epic Games/UE_4.27/FeaturePacks/TP_ThirdPerson.upack)
[2022.02.11-11.57.52:611][  0]LogPakFile: OnPakFileMounted2Time == 0.000035
[2022.02.11-11.57.52:617][  0]LogPakFile: PakFile PrimaryIndexSize=189
[2022.02.11-11.57.52:617][  0]LogPakFile: PakFile PathHashIndexSize=101
[2022.02.11-11.57.52:617][  0]LogPakFile: PakFile FullDirectoryIndexSize=152
[2022.02.11-11.57.52:617][  0]LogShaderLibrary: Display: ShaderCodeLibraryPakFileMountedCallback: PakFile 'C:/Program Files/Epic Games/UE_4.27/FeaturePacks/TP_ThirdPersonBP.upack' (chunk index -1, root 'root:/') mounted
[2022.02.11-11.57.52:617][  0]LogShaderLibrary: Display: ShaderCodeLibraryPakFileMountedCallback: pending pak file info (ChunkID:-1 Root:root:/ File:C:/Program Files/Epic Games/UE_4.27/FeaturePacks/TP_ThirdPersonBP.upack)
[2022.02.11-11.57.52:617][  0]LogPakFile: OnPakFileMounted2Time == 0.000036
[2022.02.11-11.57.52:623][  0]LogPakFile: PakFile PrimaryIndexSize=183
[2022.02.11-11.57.52:623][  0]LogPakFile: PakFile PathHashIndexSize=101
[2022.02.11-11.57.52:623][  0]LogPakFile: PakFile FullDirectoryIndexSize=140
[2022.02.11-11.57.52:623][  0]LogShaderLibrary: Display: ShaderCodeLibraryPakFileMountedCallback: PakFile 'C:/Program Files/Epic Games/UE_4.27/FeaturePacks/TP_TopDown.upack' (chunk index -1, root 'root:/') mounted
[2022.02.11-11.57.52:623][  0]LogShaderLibrary: Display: ShaderCodeLibraryPakFileMountedCallback: pending pak file info (ChunkID:-1 Root:root:/ File:C:/Program Files/Epic Games/UE_4.27/FeaturePacks/TP_TopDown.upack)
[2022.02.11-11.57.52:623][  0]LogPakFile: OnPakFileMounted2Time == 0.000047
[2022.02.11-11.57.52:629][  0]LogPakFile: PakFile PrimaryIndexSize=185
[2022.02.11-11.57.52:629][  0]LogPakFile: PakFile PathHashIndexSize=101
[2022.02.11-11.57.52:629][  0]LogPakFile: PakFile FullDirectoryIndexSize=144
[2022.02.11-11.57.52:629][  0]LogShaderLibrary: Display: ShaderCodeLibraryPakFileMountedCallback: PakFile 'C:/Program Files/Epic Games/UE_4.27/FeaturePacks/TP_TopDownBP.upack' (chunk index -1, root 'root:/') mounted
[2022.02.11-11.57.52:629][  0]LogShaderLibrary: Display: ShaderCodeLibraryPakFileMountedCallback: pending pak file info (ChunkID:-1 Root:root:/ File:C:/Program Files/Epic Games/UE_4.27/FeaturePacks/TP_TopDownBP.upack)
[2022.02.11-11.57.52:629][  0]LogPakFile: OnPakFileMounted2Time == 0.000039
[2022.02.11-11.57.52:638][  0]LogPakFile: PakFile PrimaryIndexSize=185
[2022.02.11-11.57.52:638][  0]LogPakFile: PakFile PathHashIndexSize=101
[2022.02.11-11.57.52:638][  0]LogPakFile: PakFile FullDirectoryIndexSize=144
[2022.02.11-11.57.52:638][  0]LogShaderLibrary: Display: ShaderCodeLibraryPakFileMountedCallback: PakFile 'C:/Program Files/Epic Games/UE_4.27/FeaturePacks/TP_TwinStick.upack' (chunk index -1, root 'root:/') mounted
[2022.02.11-11.57.52:638][  0]LogShaderLibrary: Display: ShaderCodeLibraryPakFileMountedCallback: pending pak file info (ChunkID:-1 Root:root:/ File:C:/Program Files/Epic Games/UE_4.27/FeaturePacks/TP_TwinStick.upack)
[2022.02.11-11.57.52:638][  0]LogPakFile: OnPakFileMounted2Time == 0.000037
[2022.02.11-11.57.52:643][  0]LogPakFile: PakFile PrimaryIndexSize=187
[2022.02.11-11.57.52:643][  0]LogPakFile: PakFile PathHashIndexSize=101
[2022.02.11-11.57.52:643][  0]LogPakFile: PakFile FullDirectoryIndexSize=148
[2022.02.11-11.57.52:643][  0]LogShaderLibrary: Display: ShaderCodeLibraryPakFileMountedCallback: PakFile 'C:/Program Files/Epic Games/UE_4.27/FeaturePacks/TP_TwinStickBP.upack' (chunk index -1, root 'root:/') mounted
[2022.02.11-11.57.52:643][  0]LogShaderLibrary: Display: ShaderCodeLibraryPakFileMountedCallback: pending pak file info (ChunkID:-1 Root:root:/ File:C:/Program Files/Epic Games/UE_4.27/FeaturePacks/TP_TwinStickBP.upack)
[2022.02.11-11.57.52:643][  0]LogPakFile: OnPakFileMounted2Time == 0.000037
[2022.02.11-11.57.52:649][  0]LogPakFile: PakFile PrimaryIndexSize=183
[2022.02.11-11.57.52:649][  0]LogPakFile: PakFile PathHashIndexSize=101
[2022.02.11-11.57.52:649][  0]LogPakFile: PakFile FullDirectoryIndexSize=140
[2022.02.11-11.57.52:649][  0]LogShaderLibrary: Display: ShaderCodeLibraryPakFileMountedCallback: PakFile 'C:/Program Files/Epic Games/UE_4.27/FeaturePacks/TP_Vehicle.upack' (chunk index -1, root 'root:/') mounted
[2022.02.11-11.57.52:649][  0]LogShaderLibrary: Display: ShaderCodeLibraryPakFileMountedCallback: pending pak file info (ChunkID:-1 Root:root:/ File:C:/Program Files/Epic Games/UE_4.27/FeaturePacks/TP_Vehicle.upack)
[2022.02.11-11.57.52:649][  0]LogPakFile: OnPakFileMounted2Time == 0.000037
[2022.02.11-11.57.52:657][  0]LogPakFile: PakFile PrimaryIndexSize=186
[2022.02.11-11.57.52:657][  0]LogPakFile: PakFile PathHashIndexSize=101
[2022.02.11-11.57.52:657][  0]LogPakFile: PakFile FullDirectoryIndexSize=146
[2022.02.11-11.57.52:657][  0]LogShaderLibrary: Display: ShaderCodeLibraryPakFileMountedCallback: PakFile 'C:/Program Files/Epic Games/UE_4.27/FeaturePacks/TP_VehicleAdv.upack' (chunk index -1, root 'root:/') mounted
[2022.02.11-11.57.52:657][  0]LogShaderLibrary: Display: ShaderCodeLibraryPakFileMountedCallback: pending pak file info (ChunkID:-1 Root:root:/ File:C:/Program Files/Epic Games/UE_4.27/FeaturePacks/TP_VehicleAdv.upack)
[2022.02.11-11.57.52:657][  0]LogPakFile: OnPakFileMounted2Time == 0.000037
[2022.02.11-11.57.52:663][  0]LogPakFile: PakFile PrimaryIndexSize=188
[2022.02.11-11.57.52:663][  0]LogPakFile: PakFile PathHashIndexSize=101
[2022.02.11-11.57.52:663][  0]LogPakFile: PakFile FullDirectoryIndexSize=150
[2022.02.11-11.57.52:663][  0]LogShaderLibrary: Display: ShaderCodeLibraryPakFileMountedCallback: PakFile 'C:/Program Files/Epic Games/UE_4.27/FeaturePacks/TP_VehicleAdvBP.upack' (chunk index -1, root 'root:/') mounted
[2022.02.11-11.57.52:663][  0]LogShaderLibrary: Display: ShaderCodeLibraryPakFileMountedCallback: pending pak file info (ChunkID:-1 Root:root:/ File:C:/Program Files/Epic Games/UE_4.27/FeaturePacks/TP_VehicleAdvBP.upack)
[2022.02.11-11.57.52:663][  0]LogPakFile: OnPakFileMounted2Time == 0.000036
[2022.02.11-11.57.52:669][  0]LogPakFile: PakFile PrimaryIndexSize=185
[2022.02.11-11.57.52:669][  0]LogPakFile: PakFile PathHashIndexSize=101
[2022.02.11-11.57.52:669][  0]LogPakFile: PakFile FullDirectoryIndexSize=144
[2022.02.11-11.57.52:669][  0]LogShaderLibrary: Display: ShaderCodeLibraryPakFileMountedCallback: PakFile 'C:/Program Files/Epic Games/UE_4.27/FeaturePacks/TP_VehicleBP.upack' (chunk index -1, root 'root:/') mounted
[2022.02.11-11.57.52:669][  0]LogShaderLibrary: Display: ShaderCodeLibraryPakFileMountedCallback: pending pak file info (ChunkID:-1 Root:root:/ File:C:/Program Files/Epic Games/UE_4.27/FeaturePacks/TP_VehicleBP.upack)
[2022.02.11-11.57.52:669][  0]LogPakFile: OnPakFileMounted2Time == 0.000038
[2022.02.11-11.57.52:675][  0]LogPakFile: PakFile PrimaryIndexSize=192
[2022.02.11-11.57.52:675][  0]LogPakFile: PakFile PathHashIndexSize=101
[2022.02.11-11.57.52:675][  0]LogPakFile: PakFile FullDirectoryIndexSize=158
[2022.02.11-11.57.52:675][  0]LogShaderLibrary: Display: ShaderCodeLibraryPakFileMountedCallback: PakFile 'C:/Program Files/Epic Games/UE_4.27/FeaturePacks/TP_VirtualRealityBP.upack' (chunk index -1, root 'root:/') mounted
[2022.02.11-11.57.52:675][  0]LogShaderLibrary: Display: ShaderCodeLibraryPakFileMountedCallback: pending pak file info (ChunkID:-1 Root:root:/ File:C:/Program Files/Epic Games/UE_4.27/FeaturePacks/TP_VirtualRealityBP.upack)
[2022.02.11-11.57.52:675][  0]LogPakFile: OnPakFileMounted2Time == 0.000036
[2022.02.11-11.57.53:079][  0]LogNativeClassHierarchy: Verbose: Native class hierarchy updated for 'AddContentDialog' in 0.0002 seconds. Added 0 classes and 0 folders.
[2022.02.11-11.57.53:082][  0]LogNativeClassHierarchy: Verbose: Native class hierarchy updated for 'SceneOutliner' in 0.0002 seconds. Added 2 classes and 0 folders.
[2022.02.11-11.57.53:157][  0]LogSlate: Took 0.000294 seconds to synchronously load lazily loaded font '../../../Engine/Content/Slate/Fonts/Roboto-Regular.ttf' (155K)
[2022.02.11-11.57.53:166][  0]LogSlate: Took 0.007691 seconds to synchronously load lazily loaded font '../../../Engine/Content/Editor/Slate/Fonts/FontAwesome.ttf' (139K)
[2022.02.11-11.57.53:168][  0]LogSlate: Took 0.000186 seconds to synchronously load lazily loaded font '../../../Engine/Content/Slate/Fonts/Roboto-Bold.ttf' (160K)
[2022.02.11-11.57.53:308][  0]LogRenderer: Reallocating scene render targets to support 836x452 Format 10 NumSamples 1 (Frame:1).
[2022.02.11-11.57.53:400][  0]LogNativeClassHierarchy: Verbose: Native class hierarchy updated for 'HierarchicalLODOutliner' in 0.0002 seconds. Added 0 classes and 0 folders.
[2022.02.11-11.57.53:400][  0]LogLoad: (Engine Initialization) Total time: 8.29 seconds
[2022.02.11-11.57.53:400][  0]LogLoad: (Engine Initialization) Total Blueprint compile time: 0.00 seconds
[2022.02.11-11.57.53:450][  0]LogAssetRegistry: Asset discovery search completed in 5.1587 seconds
[2022.02.11-11.57.53:457][  0]LogCollectionManager: Fixed up redirectors for 0 collections in 0.000003 seconds (updated 0 objects)
[2022.02.11-11.57.53:461][  0]LogContentStreaming: Texture pool size now 1000 MB
[2022.02.11-12.32.53:484][708]Cmd: DELETE
[2022.02.11-12.32.53:485][708]Cmd: ACTOR DELETE
[2022.02.11-12.32.53:499][708]LogUObjectHash: Compacting FUObjectHashTables data took   0.61ms
[2022.02.11-12.32.53:500][708]LogEditorActor: Deleted 0 Actors (0.008 secs)
[2022.02.11-12.40.12:930][ 68]Cmd: DELETE
[2022.02.11-12.40.12:930][ 68]Cmd: ACTOR DELETE
[2022.02.11-12.40.12:940][ 68]LogEditorActor: Deleted Actor: StaticMeshActor
[2022.02.11-12.40.12:947][ 68]LogUObjectHash: Compacting FUObjectHashTables data took   0.33ms
[2022.02.11-12.40.12:948][ 68]LogEditorActor: Deleted 1 Actors (0.017 secs)
[2022.02.11-12.40.14:575][166]Cmd: DELETE
[2022.02.11-12.40.14:575][166]Cmd: ACTOR DELETE
[2022.02.11-12.40.14:576][166]LogEditorActor: Deleted Actor: StaticMeshActor
[2022.02.11-12.40.14:582][166]LogUObjectHash: Compacting FUObjectHashTables data took   0.20ms
[2022.02.11-12.40.14:583][166]LogEditorActor: Deleted 1 Actors (0.007 secs)
[2022.02.11-12.40.30:462][118]LogSlate: Took 0.013322 seconds to synchronously load lazily loaded font '../../../Engine/Content/Slate/Fonts/Roboto-Light.ttf' (167K)
[2022.02.11-12.40.39:468][650]LogUObjectHash: Compacting FUObjectHashTables data took   0.23ms
[2022.02.11-12.40.39:482][650]LogSavePackage: Moving '../../../../../../자료/Programming/Unreal_Projects/Barrel_Hopper/Saved/Minimal_Default_Auto117846DB0424045CBF5AE76B403CAAE54.tmp' to '../../../../../../자료/Programming/Unreal_Projects/Barrel_Hopper/Saved/Autosaves/Game/StarterContent/Maps/Minimal_Default_Auto1.umap'
[2022.02.11-12.40.39:483][650]LogFileHelpers: Editor autosave (incl. external actors) for '/Game/StarterContent/Maps/Minimal_Default' took 0.021
[2022.02.11-12.40.39:483][650]LogFileHelpers: Editor autosave (incl. sublevels & external actors) for all levels took 0.021
[2022.02.11-12.58.22:392][568]Cmd: BRUSH ADD SELECTNEWBRUSH
[2022.02.11-12.59.23:146][211]Cmd: DELETE
[2022.02.11-12.59.23:146][211]Cmd: ACTOR DELETE
[2022.02.11-12.59.23:152][211]LogUObjectHash: Compacting FUObjectHashTables data took   0.61ms
[2022.02.11-12.59.23:153][211]LogEditorActor: Deleted 0 Actors (0.007 secs)
[2022.02.11-12.59.44:629][498]Cmd: DELETE
[2022.02.11-12.59.44:629][498]Cmd: ACTOR DELETE
[2022.02.11-12.59.44:634][498]LogUObjectHash: Compacting FUObjectHashTables data took   0.26ms
[2022.02.11-12.59.44:635][498]LogEditorActor: Deleted 0 Actors (0.006 secs)
[2022.02.11-13.00.34:770][477]LogUObjectHash: Compacting FUObjectHashTables data took   0.33ms
[2022.02.11-13.00.34:780][477]LogSavePackage: Moving '../../../../../../자료/Programming/Unreal_Projects/Barrel_Hopper/Saved/Minimal_Default_Auto27FD2810E40FF427B0F786C9B09C4BA27.tmp' to '../../../../../../자료/Programming/Unreal_Projects/Barrel_Hopper/Saved/Autosaves/Game/StarterContent/Maps/Minimal_Default_Auto2.umap'
[2022.02.11-13.00.34:781][477]LogFileHelpers: Editor autosave (incl. external actors) for '/Game/StarterContent/Maps/Minimal_Default' took 0.016
[2022.02.11-13.00.34:781][477]LogFileHelpers: Editor autosave (incl. sublevels & external actors) for all levels took 0.016
[2022.02.11-13.08.12:203][777]LogEditorViewport: Clicking on Actor (LMB): BP_Sky_Sphere_C (BP_Sky_Sphere)
[2022.02.11-13.08.26:582][636]LogEditorViewport: Clicking on Actor (LMB): BP_Sky_Sphere_C (BP_Sky_Sphere)
[2022.02.11-13.10.58:886][767]LogUObjectHash: Compacting FUObjectHashTables data took   0.66ms
[2022.02.11-13.10.58:897][767]LogSavePackage: Moving '../../../../../../자료/Programming/Unreal_Projects/Barrel_Hopper/Saved/Minimal_Default620378D94CD90AC6C452AEB6EA168FC1.tmp' to '../../../../../../자료/Programming/Unreal_Projects/Barrel_Hopper/Content/StarterContent/Maps/Minimal_Default.umap'
[2022.02.11-13.10.58:937][767]LogSavePackage: Moving '../../../../../../자료/Programming/Unreal_Projects/Barrel_Hopper/Saved/Minimal_Default_BuiltDataD973E1574868660037A15599F011D706.tmp' to '../../../../../../자료/Programming/Unreal_Projects/Barrel_Hopper/Content/StarterContent/Maps/Minimal_Default_BuiltData.uasset'
[2022.02.11-13.10.58:948][767]AssetCheck: New page: Asset Save: multiple assets
[2022.02.11-13.10.58:948][767]LogContentValidation: Display: Validating MapBuildDataRegistry /Game/StarterContent/Maps/Minimal_Default_BuiltData.Minimal_Default_BuiltData
[2022.02.11-13.10.58:948][767]LogContentValidation: Display: Validating World /Game/StarterContent/Maps/Minimal_Default.Minimal_Default
[2022.02.11-13.20.59:047][281]LogUObjectHash: Compacting FUObjectHashTables data took   0.70ms
[2022.02.11-13.20.59:058][281]LogSavePackage: Moving '../../../../../../자료/Programming/Unreal_Projects/Barrel_Hopper/Saved/Minimal_Default_Auto312E1B4F14F02649CE3B25F9AD0EEADAE.tmp' to '../../../../../../자료/Programming/Unreal_Projects/Barrel_Hopper/Saved/Autosaves/Game/StarterContent/Maps/Minimal_Default_Auto3.umap'
[2022.02.11-13.20.59:059][281]LogFileHelpers: Editor autosave (incl. external actors) for '/Game/StarterContent/Maps/Minimal_Default' took 0.019
[2022.02.11-13.20.59:059][281]LogFileHelpers: Editor autosave (incl. sublevels & external actors) for all levels took 0.019
